Using pre-set license
Built from '2020.3/staging' branch; Version is '2020.3.6f1 (338bb68529b2) revision 3378102'; Using compiler version '192528614'; Build Type 'Release'
OS: 'Windows 10 Home Single Language; OS build 19042.985; Version 2009; 64bit' Language: 'zh' Physical Memory: 8111 MB
BatchMode: 1, IsHumanControllingUs: 0, StartBugReporterOnCrash: 0, Is64bit: 1, IsPro: 0

 COMMAND LINE ARGUMENTS:
D:\UNITY\Hub\Editor\2020.3.6f1\Editor\Unity.exe
-adb2
-batchMode
-noUpm
-name
AssetImportWorker0
-projectPath
D:/UNITY/C_sharp_project_unity2d-Dev/TopDownShooter2D
-logFile
Logs/AssetImportWorker0.log
-srvPort
54340
Successfully changed project path to: D:/UNITY/C_sharp_project_unity2d-Dev/TopDownShooter2D
D:/UNITY/C_sharp_project_unity2d-Dev/TopDownShooter2D
Using Asset Import Pipeline V2.
Refreshing native plugins compatible for Editor in 73.84 ms, found 3 plugins.
Preloading 0 native plugins for Editor in 0.00 ms.
Initialize engine version: 2020.3.6f1 (338bb68529b2)
[Subsystems] Discovering subsystems at path D:/UNITY/Hub/Editor/2020.3.6f1/Editor/Data/Resources/UnitySubsystems
[Subsystems] Discovering subsystems at path D:/UNITY/C_sharp_project_unity2d-Dev/TopDownShooter2D/Assets
GfxDevice: creating device client; threaded=0
Direct3D:
    Version:  Direct3D 11.0 [level 11.1]
    Renderer: NVIDIA GeForce GTX 1050 Ti (ID=0x1c8c)
    Vendor:   
    VRAM:     4021 MB
    Driver:   24.21.13.9901
Initialize mono
Mono path[0] = 'D:/UNITY/Hub/Editor/2020.3.6f1/Editor/Data/Managed'
Mono path[1] = 'D:/UNITY/Hub/Editor/2020.3.6f1/Editor/Data/MonoBleedingEdge/lib/mono/unityjit'
Mono config path = 'D:/UNITY/Hub/Editor/2020.3.6f1/Editor/Data/MonoBleedingEdge/etc'
Using monoOptions --debugger-agent=transport=dt_socket,embedding=1,server=y,suspend=n,address=127.0.0.1:56644
Begin MonoManager ReloadAssembly
Registering precompiled unity dll's ...
Register platform support module: D:/UNITY/Hub/Editor/2020.3.6f1/Editor/Data/PlaybackEngines/WindowsStandaloneSupport/UnityEditor.WindowsStandalone.Extensions.dll
Registered in 0.001333 seconds.
Native extension for WindowsStandalone target not found
Refreshing native plugins compatible for Editor in 44.52 ms, found 3 plugins.
Preloading 0 native plugins for Editor in 0.00 ms.
Mono: successfully reloaded assembly
- Completed reload, in  1.480 seconds
Platform modules already initialized, skipping
Registering precompiled user dll's ...
Registered in 0.008616 seconds.
Begin MonoManager ReloadAssembly
Native extension for WindowsStandalone target not found
Refreshing native plugins compatible for Editor in 58.13 ms, found 3 plugins.
Preloading 0 native plugins for Editor in 0.00 ms.
Mono: successfully reloaded assembly
- Completed reload, in  1.422 seconds
Platform modules already initialized, skipping
========================================================================
Worker process is ready to serve import requests
Launched and connected shader compiler UnityShaderCompiler.exe after 0.10 seconds
Refreshing native plugins compatible for Editor in 0.66 ms, found 3 plugins.
Preloading 0 native plugins for Editor in 0.00 ms.
Unloading 1851 Unused Serialized files (Serialized files now loaded: 0)
System memory in use before: 86.4 MB.
System memory in use after: 86.5 MB.

Unloading 36 unused Assets to reduce memory usage. Loaded Objects now: 2325.
Total: 2.451200 ms (FindLiveObjects: 0.368000 ms CreateObjectMapping: 0.171300 ms MarkObjects: 1.836300 ms  DeleteObjects: 0.074100 ms)

========================================================================
Received Import Request.
  path: Assets/Scripts/EnemyFollowPlayer.cs
  artifactKey: Guid(98e8ab567ddc8574e87baff46eeabc35) Importer(815301076,1909f56bfc062723c751e8b465ee728b)
Start importing Assets/Scripts/EnemyFollowPlayer.cs using Guid(98e8ab567ddc8574e87baff46eeabc35) Importer(815301076,1909f56bfc062723c751e8b465ee728b)  -> (artifact id: '41ffa24f1ea1dde720019564afa699c8') in 0.116077 seconds
  Import took 0.120554 seconds .

========================================================================
Received Import Request.
  Time since last request: 146.986897 seconds.
  path: Assets/Scripts/gunBehavoiur.cs
  artifactKey: Guid(9791d3feff54ae24f8dd88d69dbfb351) Importer(815301076,1909f56bfc062723c751e8b465ee728b)
Start importing Assets/Scripts/gunBehavoiur.cs using Guid(9791d3feff54ae24f8dd88d69dbfb351) Importer(815301076,1909f56bfc062723c751e8b465ee728b)  -> (artifact id: '4cf40834acfb5ef977c952ffdd1ef93d') in 0.008236 seconds
  Import took 0.011827 seconds .

========================================================================
Received Import Request.
  Time since last request: 0.037163 seconds.
  path: Assets/Scripts/gunBehavoiur.cs
  artifactKey: Guid(9791d3feff54ae24f8dd88d69dbfb351) Importer(815301076,1909f56bfc062723c751e8b465ee728b)
Start importing Assets/Scripts/gunBehavoiur.cs using Guid(9791d3feff54ae24f8dd88d69dbfb351) Importer(815301076,1909f56bfc062723c751e8b465ee728b)  -> (artifact id: '4cf40834acfb5ef977c952ffdd1ef93d') in 0.002447 seconds
  Import took 0.007064 seconds .

========================================================================
Received Import Request.
  Time since last request: 0.797592 seconds.
  path: Assets/Scripts/bulletBehaviour.cs
  artifactKey: Guid(ae51e390ee6a9054d94a9620cf2aabf3) Importer(815301076,1909f56bfc062723c751e8b465ee728b)
Start importing Assets/Scripts/bulletBehaviour.cs using Guid(ae51e390ee6a9054d94a9620cf2aabf3) Importer(815301076,1909f56bfc062723c751e8b465ee728b)  -> (artifact id: '07d4a15c70a9656f26c33102214e4137') in 0.009577 seconds
  Import took 0.013977 seconds .

========================================================================
Received Import Request.
  Time since last request: 0.001099 seconds.
  path: Assets/Scripts/bulletBehaviour.cs
  artifactKey: Guid(ae51e390ee6a9054d94a9620cf2aabf3) Importer(815301076,1909f56bfc062723c751e8b465ee728b)
Start importing Assets/Scripts/bulletBehaviour.cs using Guid(ae51e390ee6a9054d94a9620cf2aabf3) Importer(815301076,1909f56bfc062723c751e8b465ee728b)  -> (artifact id: '07d4a15c70a9656f26c33102214e4137') in 0.004612 seconds
  Import took 0.009254 seconds .

========================================================================
Received Prepare
Registering precompiled user dll's ...
Registered in 0.009687 seconds.
Begin MonoManager ReloadAssembly
Native extension for WindowsStandalone target not found
Refreshing native plugins compatible for Editor in 2.08 ms, found 3 plugins.
Preloading 0 native plugins for Editor in 0.00 ms.
Mono: successfully reloaded assembly
- Completed reload, in  1.994 seconds
Platform modules already initialized, skipping
Refreshing native plugins compatible for Editor in 3.99 ms, found 3 plugins.
Preloading 0 native plugins for Editor in 0.00 ms.
Unloading 1841 Unused Serialized files (Serialized files now loaded: 0)
System memory in use before: 85.9 MB.
System memory in use after: 86.0 MB.

Unloading 24 unused Assets to reduce memory usage. Loaded Objects now: 2329.
Total: 7.600100 ms (FindLiveObjects: 0.813600 ms CreateObjectMapping: 0.575600 ms MarkObjects: 6.114400 ms  DeleteObjects: 0.093500 ms)

========================================================================
Received Import Request.
  Time since last request: 700.619082 seconds.
  path: Assets/Image/Untitled.png
  artifactKey: Guid(b3c03bd7e886d3d46930019bfeffeac3) Importer(815301076,1909f56bfc062723c751e8b465ee728b)
Start importing Assets/Image/Untitled.png using Guid(b3c03bd7e886d3d46930019bfeffeac3) Importer(815301076,1909f56bfc062723c751e8b465ee728b)  -> (artifact id: '81f76aa348be084916a4b16ad1981fb8') in 0.310881 seconds
  Import took 0.314956 seconds .

========================================================================
Received Import Request.
  Time since last request: 4.618687 seconds.
  path: Assets/Sprites/SpriteResource/动画素材/Enemy.png
  artifactKey: Guid(af9ecb19c1ff3bc48ab4c39fc85b03e4) Importer(815301076,1909f56bfc062723c751e8b465ee728b)
Start importing Assets/Sprites/SpriteResource/动画素材/Enemy.png using Guid(af9ecb19c1ff3bc48ab4c39fc85b03e4) Importer(815301076,1909f56bfc062723c751e8b465ee728b)  -> (artifact id: 'c1e4c4cafb9515c4a33e2cd12cb2ff6a') in 0.028295 seconds
  Import took 0.032447 seconds .

========================================================================
Received Import Request.
  Time since last request: 0.000327 seconds.
  path: Assets/Sprites/SpriteResource/动画素材/EnemyMinionSpriteSheet.png
  artifactKey: Guid(9689987c9569c0a4fa94d26a99d27ce0) Importer(815301076,1909f56bfc062723c751e8b465ee728b)
Start importing Assets/Sprites/SpriteResource/动画素材/EnemyMinionSpriteSheet.png using Guid(9689987c9569c0a4fa94d26a99d27ce0) Importer(815301076,1909f56bfc062723c751e8b465ee728b)  -> (artifact id: '9b5c92e40f7464e86b0df1a2ca3b301d') in 0.027476 seconds
  Import took 0.032073 seconds .

========================================================================
Received Import Request.
  Time since last request: 0.000349 seconds.
  path: Assets/Sprites/SpriteResource/动画素材/EnemyDeadBody.png
  artifactKey: Guid(89e720e97190a7c4ca4a6262f6a665f1) Importer(815301076,1909f56bfc062723c751e8b465ee728b)
Start importing Assets/Sprites/SpriteResource/动画素材/EnemyDeadBody.png using Guid(89e720e97190a7c4ca4a6262f6a665f1) Importer(815301076,1909f56bfc062723c751e8b465ee728b)  -> (artifact id: '40d545627306995ec88d626d587a5e3d') in 0.029456 seconds
  Import took 0.035863 seconds .

========================================================================
Received Import Request.
  Time since last request: 0.007132 seconds.
  path: Assets/Sprites/SpriteResource/动画素材/EnemyDeadBody.png
  artifactKey: Guid(89e720e97190a7c4ca4a6262f6a665f1) Importer(815301076,1909f56bfc062723c751e8b465ee728b)
Start importing Assets/Sprites/SpriteResource/动画素材/EnemyDeadBody.png using Guid(89e720e97190a7c4ca4a6262f6a665f1) Importer(815301076,1909f56bfc062723c751e8b465ee728b)  -> (artifact id: '40d545627306995ec88d626d587a5e3d') in 0.020672 seconds
  Import took 0.025920 seconds .

========================================================================
Received Import Request.
  Time since last request: 160.949764 seconds.
  path: Assets/Sprites/SpriteResource/动画素材/BulletShellCasing.png
  artifactKey: Guid(9c0f380dd626254408604b7a0bae338a) Importer(815301076,1909f56bfc062723c751e8b465ee728b)
Start importing Assets/Sprites/SpriteResource/动画素材/BulletShellCasing.png using Guid(9c0f380dd626254408604b7a0bae338a) Importer(815301076,1909f56bfc062723c751e8b465ee728b)  -> (artifact id: 'e1403932ce884cc2c46e3c4ab0e09f82') in 0.061753 seconds
  Import took 0.071884 seconds .

========================================================================
Received Prepare
Registering precompiled user dll's ...
Registered in 0.007794 seconds.
Begin MonoManager ReloadAssembly
Native extension for WindowsStandalone target not found
Refreshing native plugins compatible for Editor in 0.53 ms, found 3 plugins.
Preloading 0 native plugins for Editor in 0.00 ms.
Mono: successfully reloaded assembly
- Completed reload, in  1.051 seconds
Platform modules already initialized, skipping
Refreshing native plugins compatible for Editor in 1.13 ms, found 3 plugins.
Preloading 0 native plugins for Editor in 0.00 ms.
Unloading 1842 Unused Serialized files (Serialized files now loaded: 0)
System memory in use before: 89.0 MB.
System memory in use after: 89.1 MB.

Unloading 24 unused Assets to reduce memory usage. Loaded Objects now: 2346.
Total: 2.727200 ms (FindLiveObjects: 0.334100 ms CreateObjectMapping: 0.235200 ms MarkObjects: 2.109700 ms  DeleteObjects: 0.046900 ms)

========================================================================
Received Import Request.
  Time since last request: 419.073655 seconds.
  path: Assets/EnemyShootFollowPlayer.cs
  artifactKey: Guid(9eb1462964e202f4784fb4e353863ede) Importer(815301076,1909f56bfc062723c751e8b465ee728b)
Start importing Assets/EnemyShootFollowPlayer.cs using Guid(9eb1462964e202f4784fb4e353863ede) Importer(815301076,1909f56bfc062723c751e8b465ee728b)  -> (artifact id: 'd27929891ac9a45ba9bf0c8a5e5dda02') in 0.009176 seconds
  Import took 0.053864 seconds .

========================================================================
Received Import Request.
  Time since last request: 9.589279 seconds.
  path: Assets/Entrance.cs
  artifactKey: Guid(540f0abba11d26346b80701662351832) Importer(815301076,1909f56bfc062723c751e8b465ee728b)
Start importing Assets/Entrance.cs using Guid(540f0abba11d26346b80701662351832) Importer(815301076,1909f56bfc062723c751e8b465ee728b)  -> (artifact id: 'ef1fb6052d1c1e83c579493d3554d94a') in 0.008133 seconds
  Import took 0.146123 seconds .

========================================================================
Received Import Request.
  Time since last request: 475.175562 seconds.
  path: Assets/EnemyShootFollowPlayer.cs
  artifactKey: Guid(9eb1462964e202f4784fb4e353863ede) Importer(815301076,1909f56bfc062723c751e8b465ee728b)
Start importing Assets/EnemyShootFollowPlayer.cs using Guid(9eb1462964e202f4784fb4e353863ede) Importer(815301076,1909f56bfc062723c751e8b465ee728b)  -> (artifact id: '90044967cf84e83c35069825b49241cd') in 0.003144 seconds
  Import took 0.013740 seconds .

========================================================================
Received Import Request.
  Time since last request: 0.024488 seconds.
  path: Assets/EnemyShootFollowPlayer.cs
  artifactKey: Guid(9eb1462964e202f4784fb4e353863ede) Importer(815301076,1909f56bfc062723c751e8b465ee728b)
Start importing Assets/EnemyShootFollowPlayer.cs using Guid(9eb1462964e202f4784fb4e353863ede) Importer(815301076,1909f56bfc062723c751e8b465ee728b)  -> (artifact id: '90044967cf84e83c35069825b49241cd') in 0.002321 seconds
  Import took 0.006874 seconds .

========================================================================
Received Prepare
Registering precompiled user dll's ...
Registered in 0.008457 seconds.
Begin MonoManager ReloadAssembly
Native extension for WindowsStandalone target not found
Refreshing native plugins compatible for Editor in 0.70 ms, found 3 plugins.
Preloading 0 native plugins for Editor in 0.00 ms.
Mono: successfully reloaded assembly
- Completed reload, in  1.099 seconds
Platform modules already initialized, skipping
Refreshing native plugins compatible for Editor in 0.64 ms, found 3 plugins.
Preloading 0 native plugins for Editor in 0.00 ms.
Unloading 1842 Unused Serialized files (Serialized files now loaded: 0)
System memory in use before: 89.0 MB.
System memory in use after: 89.2 MB.

Unloading 24 unused Assets to reduce memory usage. Loaded Objects now: 2350.
Total: 2.655100 ms (FindLiveObjects: 0.380600 ms CreateObjectMapping: 0.110100 ms MarkObjects: 2.114900 ms  DeleteObjects: 0.048400 ms)

========================================================================
Received Import Request.
  Time since last request: 460.520154 seconds.
  path: Assets/Sprites/SpriteResource/动画素材/ButtonBackground.png
  artifactKey: Guid(d6a9eea0f59db6b48994e10e7c2cba25) Importer(815301076,1909f56bfc062723c751e8b465ee728b)
Start importing Assets/Sprites/SpriteResource/动画素材/ButtonBackground.png using Guid(d6a9eea0f59db6b48994e10e7c2cba25) Importer(815301076,1909f56bfc062723c751e8b465ee728b)  -> (artifact id: '039d51fb7c57e591dea7dafce8418041') in 0.107847 seconds
  Import took 0.119850 seconds .

========================================================================
Received Import Request.
  Time since last request: 0.007174 seconds.
  path: Assets/Sprites/SpriteResource/动画素材/ButtonBackground.png
  artifactKey: Guid(d6a9eea0f59db6b48994e10e7c2cba25) Importer(815301076,1909f56bfc062723c751e8b465ee728b)
Start importing Assets/Sprites/SpriteResource/动画素材/ButtonBackground.png using Guid(d6a9eea0f59db6b48994e10e7c2cba25) Importer(815301076,1909f56bfc062723c751e8b465ee728b)  -> (artifact id: '039d51fb7c57e591dea7dafce8418041') in 0.013391 seconds
  Import took 0.018694 seconds .

========================================================================
Received Import Request.
  Time since last request: 32.930774 seconds.
  path: Assets/bullet.jpg
  artifactKey: Guid(513b402105ff75f4c9bf2597f5df0e31) Importer(815301076,1909f56bfc062723c751e8b465ee728b)
Start importing Assets/bullet.jpg using Guid(513b402105ff75f4c9bf2597f5df0e31) Importer(815301076,1909f56bfc062723c751e8b465ee728b)  -> (artifact id: '7b0d9018710905165b56de826405abd3') in 0.038489 seconds
  Import took 0.051352 seconds .

========================================================================
Received Prepare
Registering precompiled user dll's ...
Registered in 0.006546 seconds.
Begin MonoManager ReloadAssembly
Native extension for WindowsStandalone target not found
Refreshing native plugins compatible for Editor in 0.53 ms, found 3 plugins.
Preloading 0 native plugins for Editor in 0.00 ms.
Mono: successfully reloaded assembly
- Completed reload, in  1.070 seconds
Platform modules already initialized, skipping
Refreshing native plugins compatible for Editor in 0.55 ms, found 3 plugins.
Preloading 0 native plugins for Editor in 0.00 ms.
Unloading 1843 Unused Serialized files (Serialized files now loaded: 0)
System memory in use before: 89.1 MB.
System memory in use after: 89.2 MB.

Unloading 24 unused Assets to reduce memory usage. Loaded Objects now: 2360.
Total: 2.839100 ms (FindLiveObjects: 0.494800 ms CreateObjectMapping: 0.183500 ms MarkObjects: 2.078700 ms  DeleteObjects: 0.081100 ms)

========================================================================
Received Import Request.
  Time since last request: 680.993970 seconds.
  path: Assets/Prefabs/bullet 1.prefab
  artifactKey: Guid(b59bcf7a6d68c4a428221d52203f18a2) Importer(815301076,1909f56bfc062723c751e8b465ee728b)
Start importing Assets/Prefabs/bullet 1.prefab using Guid(b59bcf7a6d68c4a428221d52203f18a2) Importer(815301076,1909f56bfc062723c751e8b465ee728b)  -> (artifact id: 'c57a50aebbca67aa30f318ce3b822827') in 0.147279 seconds
  Import took 0.165866 seconds .

========================================================================
Received Prepare
Registering precompiled user dll's ...
Registered in 0.007878 seconds.
Begin MonoManager ReloadAssembly
Native extension for WindowsStandalone target not found
Refreshing native plugins compatible for Editor in 0.62 ms, found 3 plugins.
Preloading 0 native plugins for Editor in 0.00 ms.
Mono: successfully reloaded assembly
- Completed reload, in  1.100 seconds
Platform modules already initialized, skipping
Refreshing native plugins compatible for Editor in 0.53 ms, found 3 plugins.
Preloading 0 native plugins for Editor in 0.00 ms.
Unloading 1843 Unused Serialized files (Serialized files now loaded: 0)
System memory in use before: 89.1 MB.
System memory in use after: 89.3 MB.

Unloading 24 unused Assets to reduce memory usage. Loaded Objects now: 2368.
Total: 2.232000 ms (FindLiveObjects: 0.222500 ms CreateObjectMapping: 0.095100 ms MarkObjects: 1.858300 ms  DeleteObjects: 0.054800 ms)

========================================================================
Received Prepare
Registering precompiled user dll's ...
Registered in 0.012425 seconds.
Begin MonoManager ReloadAssembly
Native extension for WindowsStandalone target not found
Refreshing native plugins compatible for Editor in 2.82 ms, found 3 plugins.
Preloading 0 native plugins for Editor in 0.00 ms.
Mono: successfully reloaded assembly
- Completed reload, in  2.460 seconds
Platform modules already initialized, skipping
Refreshing native plugins compatible for Editor in 2.09 ms, found 3 plugins.
Preloading 0 native plugins for Editor in 0.00 ms.
Unloading 1843 Unused Serialized files (Serialized files now loaded: 0)
System memory in use before: 89.1 MB.
System memory in use after: 89.3 MB.

Unloading 24 unused Assets to reduce memory usage. Loaded Objects now: 2372.
Total: 7.795600 ms (FindLiveObjects: 1.145700 ms CreateObjectMapping: 0.655000 ms MarkObjects: 5.632500 ms  DeleteObjects: 0.354100 ms)

========================================================================
Received Prepare
Registering precompiled user dll's ...
Registered in 0.008771 seconds.
Begin MonoManager ReloadAssembly
Native extension for WindowsStandalone target not found
Refreshing native plugins compatible for Editor in 0.51 ms, found 3 plugins.
Preloading 0 native plugins for Editor in 0.00 ms.
Mono: successfully reloaded assembly
- Completed reload, in  1.081 seconds
Platform modules already initialized, skipping
Refreshing native plugins compatible for Editor in 0.65 ms, found 3 plugins.
Preloading 0 native plugins for Editor in 0.00 ms.
Unloading 1843 Unused Serialized files (Serialized files now loaded: 0)
System memory in use before: 89.2 MB.
System memory in use after: 89.3 MB.

Unloading 24 unused Assets to reduce memory usage. Loaded Objects now: 2376.
Total: 4.155600 ms (FindLiveObjects: 0.540000 ms CreateObjectMapping: 0.895600 ms MarkObjects: 2.675000 ms  DeleteObjects: 0.043100 ms)

========================================================================
Received Prepare
Registering precompiled user dll's ...
Registered in 0.012870 seconds.
Begin MonoManager ReloadAssembly
Native extension for WindowsStandalone target not found
Refreshing native plugins compatible for Editor in 1.57 ms, found 3 plugins.
Preloading 0 native plugins for Editor in 0.00 ms.
Mono: successfully reloaded assembly
- Completed reload, in  2.442 seconds
Platform modules already initialized, skipping
Refreshing native plugins compatible for Editor in 0.52 ms, found 3 plugins.
Preloading 0 native plugins for Editor in 0.00 ms.
Unloading 1843 Unused Serialized files (Serialized files now loaded: 0)
System memory in use before: 89.2 MB.
System memory in use after: 89.3 MB.

Unloading 24 unused Assets to reduce memory usage. Loaded Objects now: 2380.
Total: 7.123700 ms (FindLiveObjects: 0.876100 ms CreateObjectMapping: 0.425200 ms MarkObjects: 5.726700 ms  DeleteObjects: 0.090100 ms)

========================================================================
Received Import Request.
  Time since last request: 3093.904458 seconds.
  path: Assets/Plugins/GitHub/Editor/big-logo@2x.png
  artifactKey: Guid(f81094832d834c64d93b198cb16b6a3e) Importer(815301076,1909f56bfc062723c751e8b465ee728b)
Start importing Assets/Plugins/GitHub/Editor/big-logo@2x.png using Guid(f81094832d834c64d93b198cb16b6a3e) Importer(815301076,1909f56bfc062723c751e8b465ee728b)  -> (artifact id: '730f5efa4addaac44befc991c5c6197d') in 0.085803 seconds
  Import took 0.099146 seconds .

========================================================================
Received Import Request.
  Time since last request: 0.000354 seconds.
  path: Assets/Sprites/TileSetSprites/items and trap_animation/box_1/box_1_1.png
  artifactKey: Guid(1aa1b1c5156f9e741bbefb1a393c0800) Importer(815301076,1909f56bfc062723c751e8b465ee728b)
Start importing Assets/Sprites/TileSetSprites/items and trap_animation/box_1/box_1_1.png using Guid(1aa1b1c5156f9e741bbefb1a393c0800) Importer(815301076,1909f56bfc062723c751e8b465ee728b)  -> (artifact id: '589594e21023c843e8a45fe6e6c41113') in 0.079638 seconds
  Import took 0.096150 seconds .

========================================================================
Received Import Request.
  Time since last request: 0.000317 seconds.
  path: Assets/Sprites/TileSetSprites/items and trap_animation/box_1/box_1_3.png
  artifactKey: Guid(299d4fdc07a13bf4dbbab07dbdb88019) Importer(815301076,1909f56bfc062723c751e8b465ee728b)
Start importing Assets/Sprites/TileSetSprites/items and trap_animation/box_1/box_1_3.png using Guid(299d4fdc07a13bf4dbbab07dbdb88019) Importer(815301076,1909f56bfc062723c751e8b465ee728b)  -> (artifact id: '5955ec05892dc23df2b402bbc21f3012') in 0.041800 seconds
  Import took 0.060292 seconds .

========================================================================
Received Import Request.
  Time since last request: 0.000317 seconds.
  path: Assets/Sprites/TileSetSprites/items and trap_animation/box_1/box_1_4.png
  artifactKey: Guid(936ac7962210c99409e98a936a7f6159) Importer(815301076,1909f56bfc062723c751e8b465ee728b)
Start importing Assets/Sprites/TileSetSprites/items and trap_animation/box_1/box_1_4.png using Guid(936ac7962210c99409e98a936a7f6159) Importer(815301076,1909f56bfc062723c751e8b465ee728b)  -> (artifact id: '917bb7933d7b61a3092dc6dd4c181100') in 0.039061 seconds
  Import took 0.065445 seconds .

========================================================================
Received Import Request.
  Time since last request: 0.000392 seconds.
  path: Assets/Sprites/SpriteResource/动画素材/Black_Red_Yellow_Green.png
  artifactKey: Guid(18dbeb6646b724042898e2c455073547) Importer(815301076,1909f56bfc062723c751e8b465ee728b)
Start importing Assets/Sprites/SpriteResource/动画素材/Black_Red_Yellow_Green.png using Guid(18dbeb6646b724042898e2c455073547) Importer(815301076,1909f56bfc062723c751e8b465ee728b)  -> (artifact id: 'e83a99ad45ab882317b01e9af67293c7') in 0.049336 seconds
  Import took 0.074754 seconds .

========================================================================
Received Import Request.
  Time since last request: 0.000327 seconds.
  path: Assets/Sprites/TileSetSprites/items and trap_animation/box_1/box_1_2.png
  artifactKey: Guid(121383accf65f4647bd77a057ea52b0d) Importer(815301076,1909f56bfc062723c751e8b465ee728b)
Start importing Assets/Sprites/TileSetSprites/items and trap_animation/box_1/box_1_2.png using Guid(121383accf65f4647bd77a057ea52b0d) Importer(815301076,1909f56bfc062723c751e8b465ee728b)  -> (artifact id: 'e03c3054e2911a29e5ff156e269e41f2') in 0.032342 seconds
  Import took 0.041445 seconds .

========================================================================
Received Import Request.
  Time since last request: 0.000369 seconds.
  path: Assets/Sprites/SpriteResource/动画素材/Border.png
  artifactKey: Guid(ac152f6fb8a3bba47a412729617b0b0b) Importer(815301076,1909f56bfc062723c751e8b465ee728b)
Start importing Assets/Sprites/SpriteResource/动画素材/Border.png using Guid(ac152f6fb8a3bba47a412729617b0b0b) Importer(815301076,1909f56bfc062723c751e8b465ee728b)  -> (artifact id: '4dac811cf47c9195fea47e2c9341b4f1') in 0.032481 seconds
  Import took 0.051856 seconds .

========================================================================
Received Import Request.
  Time since last request: 0.000421 seconds.
  path: Assets/Sprites/SpriteResource/动画素材/BorderGrey.png
  artifactKey: Guid(09692f531aaf8ef47b045cb6ea0be531) Importer(815301076,1909f56bfc062723c751e8b465ee728b)
Start importing Assets/Sprites/SpriteResource/动画素材/BorderGrey.png using Guid(09692f531aaf8ef47b045cb6ea0be531) Importer(815301076,1909f56bfc062723c751e8b465ee728b)  -> (artifact id: '310ba87b80d5c15bfc3f740a647f6e19') in 0.042705 seconds
  Import took 0.061941 seconds .

========================================================================
Received Import Request.
  Time since last request: 0.000333 seconds.
  path: Assets/Sprites/SpriteResource/动画素材/Border.png
  artifactKey: Guid(ac152f6fb8a3bba47a412729617b0b0b) Importer(815301076,1909f56bfc062723c751e8b465ee728b)
Start importing Assets/Sprites/SpriteResource/动画素材/Border.png using Guid(ac152f6fb8a3bba47a412729617b0b0b) Importer(815301076,1909f56bfc062723c751e8b465ee728b)  -> (artifact id: '4dac811cf47c9195fea47e2c9341b4f1') in 0.010045 seconds
  Import took 0.014007 seconds .

========================================================================
Received Import Request.
  Time since last request: 0.474367 seconds.
  path: Assets/Prefabs/bullet 1.prefab
  artifactKey: Guid(b59bcf7a6d68c4a428221d52203f18a2) Importer(815301076,1909f56bfc062723c751e8b465ee728b)
Start importing Assets/Prefabs/bullet 1.prefab using Guid(b59bcf7a6d68c4a428221d52203f18a2) Importer(815301076,1909f56bfc062723c751e8b465ee728b)  -> (artifact id: 'ff70b8181b4d66efce98bdec3731b6a2') in 0.011701 seconds
  Import took 0.035750 seconds .

========================================================================
Received Import Request.
  Time since last request: 25.754950 seconds.
  path: Assets/bullet.jpg
  artifactKey: Guid(df9d2054a3a4c274780b5119aa5a7232) Importer(815301076,1909f56bfc062723c751e8b465ee728b)
Start importing Assets/bullet.jpg using Guid(df9d2054a3a4c274780b5119aa5a7232) Importer(815301076,1909f56bfc062723c751e8b465ee728b)  -> (artifact id: '709cf8986ec8f34782e7717c6a4fe65f') in 0.099241 seconds
  Import took 0.117529 seconds .

========================================================================
Received Import Request.
  Time since last request: 260.008878 seconds.
  path: Assets/Prefabs
  artifactKey: Guid(8b4be295a3277564396d7c5be0e5065e) Importer(815301076,1909f56bfc062723c751e8b465ee728b)
Start importing Assets/Prefabs using Guid(8b4be295a3277564396d7c5be0e5065e) Importer(815301076,1909f56bfc062723c751e8b465ee728b)  -> (artifact id: '934b0364828a72d68b68e62df5bd5c2e') in 0.025597 seconds
  Import took 0.047004 seconds .

========================================================================
Received Import Request.
  Time since last request: 10.592218 seconds.
  path: Assets/Prefabs/bulletforenemy.PNG
  artifactKey: Guid(8bad03117a958984b9d1bda621586e1e) Importer(815301076,1909f56bfc062723c751e8b465ee728b)
Start importing Assets/Prefabs/bulletforenemy.PNG using Guid(8bad03117a958984b9d1bda621586e1e) Importer(815301076,1909f56bfc062723c751e8b465ee728b)  -> (artifact id: 'e36455d55767713778ff5440e0f2fc5e') in 0.063896 seconds
  Import took 0.075513 seconds .

========================================================================
Received Import Request.
  Time since last request: 291.765156 seconds.
  path: Assets/Prefabs/bullet 1.prefab
  artifactKey: Guid(b59bcf7a6d68c4a428221d52203f18a2) Importer(815301076,1909f56bfc062723c751e8b465ee728b)
Start importing Assets/Prefabs/bullet 1.prefab using Guid(b59bcf7a6d68c4a428221d52203f18a2) Importer(815301076,1909f56bfc062723c751e8b465ee728b)  -> (artifact id: 'fb452943d07cab73a85da7d4bb975810') in 0.043953 seconds
  Import took 0.062317 seconds .

AssetImportWorkerClient::OnTransportError - code=2 error=End of file
