Using pre-set license
Built from '2020.3/staging' branch; Version is '2020.3.6f1 (338bb68529b2) revision 3378102'; Using compiler version '192528614'; Build Type 'Release'
OS: 'Windows 10 Pro; OS build 19042.928; Version 2009; 64bit' Language: 'en' Physical Memory: 32587 MB
BatchMode: 1, IsHumanControllingUs: 0, StartBugReporterOnCrash: 0, Is64bit: 1, IsPro: 0

 COMMAND LINE ARGUMENTS:
C:\Program Files\Unity\Hub\Editor\2020.3.6f1\Editor\Unity.exe
-adb2
-batchMode
-noUpm
-name
AssetImportWorker0
-projectPath
C:/Users/user/Desktop/New folder (2)/TopDownShooter2D
-logFile
Logs/AssetImportWorker0.log
-srvPort
62167
Successfully changed project path to: C:/Users/user/Desktop/New folder (2)/TopDownShooter2D
C:/Users/user/Desktop/New folder (2)/TopDownShooter2D
Using Asset Import Pipeline V2.
Refreshing native plugins compatible for Editor in 753.80 ms, found 3 plugins.
Preloading 0 native plugins for Editor in 0.00 ms.
Initialize engine version: 2020.3.6f1 (338bb68529b2)
[Subsystems] Discovering subsystems at path C:/Program Files/Unity/Hub/Editor/2020.3.6f1/Editor/Data/Resources/UnitySubsystems
[Subsystems] Discovering subsystems at path C:/Users/user/Desktop/New folder (2)/TopDownShooter2D/Assets
GfxDevice: creating device client; threaded=0
Direct3D:
    Version:  Direct3D 11.0 [level 11.0]
    Renderer: NVIDIA GeForce GTX 960M (ID=0x139b)
    Vendor:   
    VRAM:     2010 MB
    Driver:   26.21.14.4270
Initialize mono
Mono path[0] = 'C:/Program Files/Unity/Hub/Editor/2020.3.6f1/Editor/Data/Managed'
Mono path[1] = 'C:/Program Files/Unity/Hub/Editor/2020.3.6f1/Editor/Data/MonoBleedingEdge/lib/mono/unityjit'
Mono config path = 'C:/Program Files/Unity/Hub/Editor/2020.3.6f1/Editor/Data/MonoBleedingEdge/etc'
Using monoOptions --debugger-agent=transport=dt_socket,embedding=1,server=y,suspend=n,address=127.0.0.1:56788
Begin MonoManager ReloadAssembly
Registering precompiled unity dll's ...
Register platform support module: C:/Program Files/Unity/Hub/Editor/2020.3.6f1/Editor/Data/PlaybackEngines/WebGLSupport/UnityEditor.WebGL.Extensions.dll
Register platform support module: C:/Program Files/Unity/Hub/Editor/2020.3.6f1/Editor/Data/PlaybackEngines/WindowsStandaloneSupport/UnityEditor.WindowsStandalone.Extensions.dll
Registered in 0.027155 seconds.
Native extension for WindowsStandalone target not found
Native extension for WebGL target not found
Refreshing native plugins compatible for Editor in 260.79 ms, found 3 plugins.
Preloading 0 native plugins for Editor in 0.00 ms.
Mono: successfully reloaded assembly
- Completed reload, in  8.653 seconds
Platform modules already initialized, skipping
Registering precompiled user dll's ...
Registered in 0.054808 seconds.
Begin MonoManager ReloadAssembly
Native extension for WindowsStandalone target not found
Native extension for WebGL target not found
Refreshing native plugins compatible for Editor in 263.55 ms, found 3 plugins.
Preloading 0 native plugins for Editor in 0.00 ms.
Mono: successfully reloaded assembly
- Completed reload, in  6.976 seconds
Platform modules already initialized, skipping
========================================================================
Worker process is ready to serve import requests
Launched and connected shader compiler UnityShaderCompiler.exe after 0.26 seconds
Refreshing native plugins compatible for Editor in 2.49 ms, found 3 plugins.
Preloading 0 native plugins for Editor in 0.00 ms.
Unloading 1841 Unused Serialized files (Serialized files now loaded: 0)
System memory in use before: 86.4 MB.
System memory in use after: 86.5 MB.

Unloading 36 unused Assets to reduce memory usage. Loaded Objects now: 2315.
Total: 13.239300 ms (FindLiveObjects: 1.180400 ms CreateObjectMapping: 0.740900 ms MarkObjects: 10.545800 ms  DeleteObjects: 0.764200 ms)

========================================================================
Received Import Request.
  path: Assets/Prefabs/Bullet.prefab
  artifactKey: Guid(82b5ce04e08efa548b93004a3ef680c4) Importer(815301076,1909f56bfc062723c751e8b465ee728b)
Start importing Assets/Prefabs/Bullet.prefab using Guid(82b5ce04e08efa548b93004a3ef680c4) Importer(815301076,1909f56bfc062723c751e8b465ee728b)  -> (artifact id: '80f83bd9dc53bb2fc0fe8d367826b8f2') in 0.692637 seconds
  Import took 0.710426 seconds .

========================================================================
Received Import Request.
  Time since last request: 0.001048 seconds.
  path: Assets/Prefabs/Gun.prefab
  artifactKey: Guid(d9ddab00bad8b8a45a860d96068c7c12) Importer(815301076,1909f56bfc062723c751e8b465ee728b)
Start importing Assets/Prefabs/Gun.prefab using Guid(d9ddab00bad8b8a45a860d96068c7c12) Importer(815301076,1909f56bfc062723c751e8b465ee728b)  -> (artifact id: 'ae4b4ad30928c5d89459e23f0857a84c') in 0.103952 seconds
  Import took 0.122654 seconds .

========================================================================
Received Import Request.
  Time since last request: 0.001670 seconds.
  path: Assets/Prefabs/Bullet.prefab
  artifactKey: Guid(82b5ce04e08efa548b93004a3ef680c4) Importer(815301076,1909f56bfc062723c751e8b465ee728b)
Start importing Assets/Prefabs/Bullet.prefab using Guid(82b5ce04e08efa548b93004a3ef680c4) Importer(815301076,1909f56bfc062723c751e8b465ee728b)  -> (artifact id: '80f83bd9dc53bb2fc0fe8d367826b8f2') in 0.060401 seconds
  Import took 0.086783 seconds .

========================================================================
Received Import Request.
  Time since last request: 0.001515 seconds.
  path: Assets/Prefabs/Grid1.prefab
  artifactKey: Guid(1eacd72756254e04ca4fd70996a98852) Importer(815301076,1909f56bfc062723c751e8b465ee728b)
Start importing Assets/Prefabs/Grid1.prefab using Guid(1eacd72756254e04ca4fd70996a98852) Importer(815301076,1909f56bfc062723c751e8b465ee728b)  -> (artifact id: 'd18c5ac933847e6ab9a37109954128eb') in 0.102833 seconds
  Import took 0.145505 seconds .

========================================================================
Received Import Request.
  Time since last request: 0.000901 seconds.
  path: Assets/Scenes
  artifactKey: Guid(2eb40c156064d1f42b936b10b70e62b9) Importer(815301076,1909f56bfc062723c751e8b465ee728b)
Start importing Assets/Scenes using Guid(2eb40c156064d1f42b936b10b70e62b9) Importer(815301076,1909f56bfc062723c751e8b465ee728b)  -> (artifact id: 'd65869b5ea5375a7c8f550401b4a881c') in 0.051941 seconds
  Import took 0.069124 seconds .

========================================================================
Received Import Request.
  Time since last request: 0.022279 seconds.
  path: Assets/Prefabs/Grid2.prefab
  artifactKey: Guid(13451f8ff77c39441bb947f7f2aa8a20) Importer(815301076,1909f56bfc062723c751e8b465ee728b)
Start importing Assets/Prefabs/Grid2.prefab using Guid(13451f8ff77c39441bb947f7f2aa8a20) Importer(815301076,1909f56bfc062723c751e8b465ee728b)  -> (artifact id: '881ad6b7668e80a53a0b41d238ada709') in 0.074562 seconds
  Import took 0.127289 seconds .

========================================================================
Received Import Request.
  Time since last request: 0.000844 seconds.
  path: Assets/Prefabs/Main Camera.prefab
  artifactKey: Guid(91f5541b9d463b14fbeaf45bade42420) Importer(815301076,1909f56bfc062723c751e8b465ee728b)
Start importing Assets/Prefabs/Main Camera.prefab using Guid(91f5541b9d463b14fbeaf45bade42420) Importer(815301076,1909f56bfc062723c751e8b465ee728b)  -> (artifact id: '7cb1a56e3330046bfab1d86b8252cbdf') in 0.143386 seconds
  Import took 0.170800 seconds .

========================================================================
Received Import Request.
  Time since last request: 0.004126 seconds.
  path: Assets/Scenes/SampleScene.unity
  artifactKey: Guid(2cda990e2423bbf4892e6590ba056729) Importer(815301076,1909f56bfc062723c751e8b465ee728b)
Start importing Assets/Scenes/SampleScene.unity using Guid(2cda990e2423bbf4892e6590ba056729) Importer(815301076,1909f56bfc062723c751e8b465ee728b)  -> (artifact id: '137c849257e9250402cb7f1247f2c2af') in 0.048348 seconds
  Import took 0.073265 seconds .

========================================================================
Received Import Request.
  Time since last request: 0.001589 seconds.
  path: Assets/Prefabs/Player.prefab
  artifactKey: Guid(11ebdcd9afd2a3c43bab45ccf37820c3) Importer(815301076,1909f56bfc062723c751e8b465ee728b)
Start importing Assets/Prefabs/Player.prefab using Guid(11ebdcd9afd2a3c43bab45ccf37820c3) Importer(815301076,1909f56bfc062723c751e8b465ee728b)  -> (artifact id: 'e6842458f7f37753a127aa8c2725d32c') in 0.058134 seconds
  Import took 0.086512 seconds .

========================================================================
Received Import Request.
  Time since last request: 29.967698 seconds.
  path: Assets/Sprites/weaponTracer.png
  artifactKey: Guid(58825d4c973f2e44ebca3a505306bcc4) Importer(815301076,1909f56bfc062723c751e8b465ee728b)
Start importing Assets/Sprites/weaponTracer.png using Guid(58825d4c973f2e44ebca3a505306bcc4) Importer(815301076,1909f56bfc062723c751e8b465ee728b)  -> (artifact id: 'be95092177e6157ad7fe83ebfddb41fd') in 0.421916 seconds
  Import took 0.437447 seconds .

========================================================================
Received Import Request.
  Time since last request: 6.413329 seconds.
  path: Assets/Palatte/Dungeon_Tileset_0.asset
  artifactKey: Guid(219dc88fb5630bb46a57241f23bd9277) Importer(815301076,1909f56bfc062723c751e8b465ee728b)
Start importing Assets/Palatte/Dungeon_Tileset_0.asset using Guid(219dc88fb5630bb46a57241f23bd9277) Importer(815301076,1909f56bfc062723c751e8b465ee728b)  -> (artifact id: '9ec469ba226f8a1711ab467b6c04705a') in 0.144214 seconds
  Import took 0.166141 seconds .

========================================================================
Received Import Request.
  Time since last request: 0.000881 seconds.
  path: Assets/Palatte/Dungeon_Tileset_42.asset
  artifactKey: Guid(58496ce3b62abaa46997bfa0f5161b2f) Importer(815301076,1909f56bfc062723c751e8b465ee728b)
Start importing Assets/Palatte/Dungeon_Tileset_42.asset using Guid(58496ce3b62abaa46997bfa0f5161b2f) Importer(815301076,1909f56bfc062723c751e8b465ee728b)  -> (artifact id: '1e7fb648328ddfdb700a1f665d85c5cb') in 0.082026 seconds
  Import took 0.102289 seconds .

========================================================================
Received Import Request.
  Time since last request: 0.000812 seconds.
  path: Assets/Palatte/Dungeon_Tileset_17.asset
  artifactKey: Guid(209a7e1f00f4d39478354035dc9d7aa6) Importer(815301076,1909f56bfc062723c751e8b465ee728b)
Start importing Assets/Palatte/Dungeon_Tileset_17.asset using Guid(209a7e1f00f4d39478354035dc9d7aa6) Importer(815301076,1909f56bfc062723c751e8b465ee728b)  -> (artifact id: 'aa7139456871c54123737ed2a01eafc6') in 0.096217 seconds
  Import took 0.115995 seconds .

========================================================================
Received Import Request.
  Time since last request: 0.000924 seconds.
  path: Assets/Palatte/Dungeon_Tileset_24.asset
  artifactKey: Guid(280bc500b6f9f5548a124a0547833559) Importer(815301076,1909f56bfc062723c751e8b465ee728b)
Start importing Assets/Palatte/Dungeon_Tileset_24.asset using Guid(280bc500b6f9f5548a124a0547833559) Importer(815301076,1909f56bfc062723c751e8b465ee728b)  -> (artifact id: 'ac132a18b009a782c78cca8f638249cc') in 0.097156 seconds
  Import took 0.142615 seconds .

========================================================================
Received Import Request.
  Time since last request: 0.002640 seconds.
  path: Assets/Palatte/Dungeon_Tileset_39.asset
  artifactKey: Guid(c99eca2ed175b3d4b98c24b964116c7c) Importer(815301076,1909f56bfc062723c751e8b465ee728b)
Start importing Assets/Palatte/Dungeon_Tileset_39.asset using Guid(c99eca2ed175b3d4b98c24b964116c7c) Importer(815301076,1909f56bfc062723c751e8b465ee728b)  -> (artifact id: 'da75ad602b8ed3c1abdd073958684c80') in 0.107203 seconds
  Import took 0.127351 seconds .

========================================================================
Received Import Request.
  Time since last request: 0.000934 seconds.
  path: Assets/Palatte/Dungeon_Tileset_45.asset
  artifactKey: Guid(2fdc27880b18e7e48adc5ef47e6a7797) Importer(815301076,1909f56bfc062723c751e8b465ee728b)
Start importing Assets/Palatte/Dungeon_Tileset_45.asset using Guid(2fdc27880b18e7e48adc5ef47e6a7797) Importer(815301076,1909f56bfc062723c751e8b465ee728b)  -> (artifact id: 'c5eb4995acdec802b3bb2d1bc9cc4e8b') in 0.090937 seconds
  Import took 0.111726 seconds .

========================================================================
Received Import Request.
  Time since last request: 0.000907 seconds.
  path: Assets/Palatte/Dungeon_Tileset_34.asset
  artifactKey: Guid(179b88208ebee8d46ad8b0652e7f4bc4) Importer(815301076,1909f56bfc062723c751e8b465ee728b)
Start importing Assets/Palatte/Dungeon_Tileset_34.asset using Guid(179b88208ebee8d46ad8b0652e7f4bc4) Importer(815301076,1909f56bfc062723c751e8b465ee728b)  -> (artifact id: '1ec9f5c99fa6c21f9ddab76b396a49c3') in 0.088160 seconds
  Import took 0.110633 seconds .

========================================================================
Received Import Request.
  Time since last request: 0.000973 seconds.
  path: Assets/Palatte/Dungeon_Tileset_15.asset
  artifactKey: Guid(7cfbc33bb177ab14582f85fef24426c4) Importer(815301076,1909f56bfc062723c751e8b465ee728b)
Start importing Assets/Palatte/Dungeon_Tileset_15.asset using Guid(7cfbc33bb177ab14582f85fef24426c4) Importer(815301076,1909f56bfc062723c751e8b465ee728b)  -> (artifact id: '3b60b96211101653cf7fa17d75fa7ca3') in 0.074670 seconds
  Import took 0.096393 seconds .

========================================================================
Received Import Request.
  Time since last request: 0.002837 seconds.
  path: Assets/Palatte/Dungeon_Tileset_33.asset
  artifactKey: Guid(fd9cfc6f0a4cd5044b7613faee9c70f0) Importer(815301076,1909f56bfc062723c751e8b465ee728b)
Start importing Assets/Palatte/Dungeon_Tileset_33.asset using Guid(fd9cfc6f0a4cd5044b7613faee9c70f0) Importer(815301076,1909f56bfc062723c751e8b465ee728b)  -> (artifact id: '3a8d8439d061c33305ef01326209e521') in 0.088253 seconds
  Import took 0.110005 seconds .

========================================================================
Received Import Request.
  Time since last request: 0.000887 seconds.
  path: Assets/Palatte/Dungeon_Tileset_41.asset
  artifactKey: Guid(0d90ed1cfd6a2f54581d3816165f74f0) Importer(815301076,1909f56bfc062723c751e8b465ee728b)
Start importing Assets/Palatte/Dungeon_Tileset_41.asset using Guid(0d90ed1cfd6a2f54581d3816165f74f0) Importer(815301076,1909f56bfc062723c751e8b465ee728b)  -> (artifact id: '049e3f373c20b61b417cef804ac13247') in 0.067040 seconds
  Import took 0.090385 seconds .

========================================================================
Received Import Request.
  Time since last request: 0.000885 seconds.
  path: Assets/Palatte/Dungeon_Tileset_29.asset
  artifactKey: Guid(71a45390fc3e95c4ea45c217cca9e735) Importer(815301076,1909f56bfc062723c751e8b465ee728b)
Start importing Assets/Palatte/Dungeon_Tileset_29.asset using Guid(71a45390fc3e95c4ea45c217cca9e735) Importer(815301076,1909f56bfc062723c751e8b465ee728b)  -> (artifact id: 'dc0d935fa114f26025d73cf809145fda') in 0.071446 seconds
  Import took 0.097395 seconds .

========================================================================
Received Import Request.
  Time since last request: 0.000881 seconds.
  path: Assets/Palatte/Dungeon_Tileset_37.asset
  artifactKey: Guid(7882f7b98fcb3384b8b9da2ea27cec58) Importer(815301076,1909f56bfc062723c751e8b465ee728b)
Start importing Assets/Palatte/Dungeon_Tileset_37.asset using Guid(7882f7b98fcb3384b8b9da2ea27cec58) Importer(815301076,1909f56bfc062723c751e8b465ee728b)  -> (artifact id: 'cee835bd39f8df04be0eee6d6a853bec') in 0.064490 seconds
  Import took 0.087750 seconds .

========================================================================
Received Import Request.
  Time since last request: 0.000911 seconds.
  path: Assets/Palatte/Dungeon_Tileset_22.asset
  artifactKey: Guid(e4a165432703dcb44bad570d62eab59d) Importer(815301076,1909f56bfc062723c751e8b465ee728b)
Start importing Assets/Palatte/Dungeon_Tileset_22.asset using Guid(e4a165432703dcb44bad570d62eab59d) Importer(815301076,1909f56bfc062723c751e8b465ee728b)  -> (artifact id: '8176e9e30b560d232abee2c02ddc7ae8') in 0.195816 seconds
  Import took 0.255408 seconds .

========================================================================
Received Import Request.
  Time since last request: 0.049862 seconds.
  path: Assets/Palatte/Dungeon_Tileset_4.asset
  artifactKey: Guid(484a7d80ddbbc6a45a82342313bbf156) Importer(815301076,1909f56bfc062723c751e8b465ee728b)
Start importing Assets/Palatte/Dungeon_Tileset_4.asset using Guid(484a7d80ddbbc6a45a82342313bbf156) Importer(815301076,1909f56bfc062723c751e8b465ee728b)  -> (artifact id: '2499fb6fdcf2d502a0103b37717b4f8c') in 0.159310 seconds
  Import took 0.237163 seconds .

========================================================================
Received Import Request.
  Time since last request: 0.004879 seconds.
  path: Assets/Palatte/Dungeon_Tileset_48.asset
  artifactKey: Guid(0efb6c7512489e54fb3c73e0eb1be6c4) Importer(815301076,1909f56bfc062723c751e8b465ee728b)
Start importing Assets/Palatte/Dungeon_Tileset_48.asset using Guid(0efb6c7512489e54fb3c73e0eb1be6c4) Importer(815301076,1909f56bfc062723c751e8b465ee728b)  -> (artifact id: '5f8f9ea29f984ecbd939e2a4f0325955') in 0.199574 seconds
  Import took 0.260630 seconds .

========================================================================
Received Import Request.
  Time since last request: 0.005315 seconds.
  path: Assets/Palatte/Dungeon_Tileset_21.asset
  artifactKey: Guid(eb10b53a18ebf9c4db61e0ad0ee198f9) Importer(815301076,1909f56bfc062723c751e8b465ee728b)
Start importing Assets/Palatte/Dungeon_Tileset_21.asset using Guid(eb10b53a18ebf9c4db61e0ad0ee198f9) Importer(815301076,1909f56bfc062723c751e8b465ee728b)  -> (artifact id: '220236c9ac03777a97c6ea1fe2ce0253') in 0.152085 seconds
  Import took 0.178187 seconds .

========================================================================
Received Import Request.
  Time since last request: 0.000873 seconds.
  path: Assets/Palatte/Dungeon_Tileset_6.asset
  artifactKey: Guid(0631988be88beab4a9f47c4f41419d40) Importer(815301076,1909f56bfc062723c751e8b465ee728b)
Start importing Assets/Palatte/Dungeon_Tileset_6.asset using Guid(0631988be88beab4a9f47c4f41419d40) Importer(815301076,1909f56bfc062723c751e8b465ee728b)  -> (artifact id: 'fedbb68968e30779610186109526521b') in 0.107944 seconds
  Import took 0.130757 seconds .

========================================================================
Received Import Request.
  Time since last request: 0.001363 seconds.
  path: Assets/Palatte/Dungeon_Tileset_43.asset
  artifactKey: Guid(3723d59d069d63c438923dc0230f8343) Importer(815301076,1909f56bfc062723c751e8b465ee728b)
Start importing Assets/Palatte/Dungeon_Tileset_43.asset using Guid(3723d59d069d63c438923dc0230f8343) Importer(815301076,1909f56bfc062723c751e8b465ee728b)  -> (artifact id: '5a4bd7b56ad03852ead7c672155e9604') in 0.078582 seconds
  Import took 0.106417 seconds .

========================================================================
Received Import Request.
  Time since last request: 0.001616 seconds.
  path: Assets/Palatte/Dungeon_Tileset_32.asset
  artifactKey: Guid(0ed81d8892a77534fbd3ffa2602ff3a8) Importer(815301076,1909f56bfc062723c751e8b465ee728b)
Start importing Assets/Palatte/Dungeon_Tileset_32.asset using Guid(0ed81d8892a77534fbd3ffa2602ff3a8) Importer(815301076,1909f56bfc062723c751e8b465ee728b)  -> (artifact id: 'a21242fb0acfca82ffbd2d26654ed04c') in 0.120591 seconds
  Import took 0.156068 seconds .

========================================================================
Received Import Request.
  Time since last request: 0.001329 seconds.
  path: Assets/Palatte/Dungeon_Tileset_40.asset
  artifactKey: Guid(55a1b3e430e10da49a9a07bb123155c3) Importer(815301076,1909f56bfc062723c751e8b465ee728b)
Start importing Assets/Palatte/Dungeon_Tileset_40.asset using Guid(55a1b3e430e10da49a9a07bb123155c3) Importer(815301076,1909f56bfc062723c751e8b465ee728b)  -> (artifact id: '216ff3eb11c23f95da25a11783ec8bef') in 0.097670 seconds
  Import took 0.126975 seconds .

========================================================================
Received Import Request.
  Time since last request: 0.003701 seconds.
  path: Assets/Palatte/Dungeon_Tileset_20.asset
  artifactKey: Guid(b046d0137cdaf7d46834e524b3d51162) Importer(815301076,1909f56bfc062723c751e8b465ee728b)
Start importing Assets/Palatte/Dungeon_Tileset_20.asset using Guid(b046d0137cdaf7d46834e524b3d51162) Importer(815301076,1909f56bfc062723c751e8b465ee728b)  -> (artifact id: 'ebe75e54b50fd15d8d3fde2a65203dca') in 0.073332 seconds
  Import took 0.092771 seconds .

========================================================================
Received Import Request.
  Time since last request: 0.000852 seconds.
  path: Assets/Palatte/Dungeon_Tileset_25.asset
  artifactKey: Guid(a3f64a391a99fdc4988b5b864127a6f9) Importer(815301076,1909f56bfc062723c751e8b465ee728b)
Start importing Assets/Palatte/Dungeon_Tileset_25.asset using Guid(a3f64a391a99fdc4988b5b864127a6f9) Importer(815301076,1909f56bfc062723c751e8b465ee728b)  -> (artifact id: 'c6db488623501cba27ac18e006abcf02') in 0.125050 seconds
  Import took 0.161056 seconds .

========================================================================
Received Import Request.
  Time since last request: 0.001027 seconds.
  path: Assets/Palatte/Dungeon_Tileset_47.asset
  artifactKey: Guid(6a422315890fc2c46971e9e2a53cd765) Importer(815301076,1909f56bfc062723c751e8b465ee728b)
Start importing Assets/Palatte/Dungeon_Tileset_47.asset using Guid(6a422315890fc2c46971e9e2a53cd765) Importer(815301076,1909f56bfc062723c751e8b465ee728b)  -> (artifact id: 'b3d74da1d06f37e436cd64020732ed1b') in 0.070558 seconds
  Import took 0.088737 seconds .

========================================================================
Received Import Request.
  Time since last request: 0.000840 seconds.
  path: Assets/Palatte/Dungeon_Tileset_26.asset
  artifactKey: Guid(e171973dc73bfdb478c03deb5167981f) Importer(815301076,1909f56bfc062723c751e8b465ee728b)
Start importing Assets/Palatte/Dungeon_Tileset_26.asset using Guid(e171973dc73bfdb478c03deb5167981f) Importer(815301076,1909f56bfc062723c751e8b465ee728b)  -> (artifact id: '488bc1e5d0fa5792bcf3c07c9b6c3b6c') in 0.086638 seconds
  Import took 0.111095 seconds .

========================================================================
Received Import Request.
  Time since last request: 0.001666 seconds.
  path: Assets/Palatte/Dungeon_Tileset_28.asset
  artifactKey: Guid(26e4b992f1a40394aa3c78f2aaf41ae5) Importer(815301076,1909f56bfc062723c751e8b465ee728b)
Start importing Assets/Palatte/Dungeon_Tileset_28.asset using Guid(26e4b992f1a40394aa3c78f2aaf41ae5) Importer(815301076,1909f56bfc062723c751e8b465ee728b)  -> (artifact id: '121000e9b3da97db22db0e9494584a0f') in 0.072313 seconds
  Import took 0.097447 seconds .

========================================================================
Received Import Request.
  Time since last request: 0.000879 seconds.
  path: Assets/Palatte/Dungeon_Tileset_9.asset
  artifactKey: Guid(b5728efcc5205a240b1a26bc93b05051) Importer(815301076,1909f56bfc062723c751e8b465ee728b)
Start importing Assets/Palatte/Dungeon_Tileset_9.asset using Guid(b5728efcc5205a240b1a26bc93b05051) Importer(815301076,1909f56bfc062723c751e8b465ee728b)  -> (artifact id: 'f9fce5e342f11c17395f6baadfa0b541') in 0.066947 seconds
  Import took 0.089838 seconds .

========================================================================
Received Import Request.
  Time since last request: 0.001040 seconds.
  path: Assets/Palatte/Dungeon_Tileset_16.asset
  artifactKey: Guid(423eaafa7e8d63d4c8994bb41e4187a9) Importer(815301076,1909f56bfc062723c751e8b465ee728b)
Start importing Assets/Palatte/Dungeon_Tileset_16.asset using Guid(423eaafa7e8d63d4c8994bb41e4187a9) Importer(815301076,1909f56bfc062723c751e8b465ee728b)  -> (artifact id: '29d4027e4e1d3df1179acae483091f67') in 0.065149 seconds
  Import took 0.087578 seconds .

========================================================================
Received Import Request.
  Time since last request: 0.002618 seconds.
  path: Assets/Palatte/Dungeon_Tileset_18.asset
  artifactKey: Guid(9f56cd3b40e1ff446a7db5660f35cdff) Importer(815301076,1909f56bfc062723c751e8b465ee728b)
Start importing Assets/Palatte/Dungeon_Tileset_18.asset using Guid(9f56cd3b40e1ff446a7db5660f35cdff) Importer(815301076,1909f56bfc062723c751e8b465ee728b)  -> (artifact id: '46ebd7e3c73faa96196288428e5f2774') in 0.227400 seconds
  Import took 0.265015 seconds .

========================================================================
Received Import Request.
  Time since last request: 0.000903 seconds.
  path: Assets/Palatte/Dungeon_Tileset_46.asset
  artifactKey: Guid(16d300647734e40489b39cb679bf0b46) Importer(815301076,1909f56bfc062723c751e8b465ee728b)
Start importing Assets/Palatte/Dungeon_Tileset_46.asset using Guid(16d300647734e40489b39cb679bf0b46) Importer(815301076,1909f56bfc062723c751e8b465ee728b)  -> (artifact id: '78cca01a3da59d359053b49f78e751ca') in 0.179639 seconds
  Import took 0.227374 seconds .

========================================================================
Received Import Request.
  Time since last request: 0.096344 seconds.
  path: Assets/Palatte/Dungeon_Tileset_3.asset
  artifactKey: Guid(320ab104d57a7a4409b47f0726f7ede1) Importer(815301076,1909f56bfc062723c751e8b465ee728b)
Start importing Assets/Palatte/Dungeon_Tileset_3.asset using Guid(320ab104d57a7a4409b47f0726f7ede1) Importer(815301076,1909f56bfc062723c751e8b465ee728b)  -> (artifact id: 'e73c0c23d05ac191952d0e268957fbdb') in 0.199438 seconds
  Import took 0.350804 seconds .

========================================================================
Received Import Request.
  Time since last request: 0.059338 seconds.
  path: Assets/Palatte/Dungeon_Tileset_44.asset
  artifactKey: Guid(0bd8a20db5a96d14482794cf36d0002e) Importer(815301076,1909f56bfc062723c751e8b465ee728b)
Start importing Assets/Palatte/Dungeon_Tileset_44.asset using Guid(0bd8a20db5a96d14482794cf36d0002e) Importer(815301076,1909f56bfc062723c751e8b465ee728b)  -> (artifact id: '9fc6ec398e4606804c583080a32ac930') in 0.173523 seconds
  Import took 0.218076 seconds .

========================================================================
Received Import Request.
  Time since last request: 0.027025 seconds.
  path: Assets/Palatte/Dungeon_Tileset_12.asset
  artifactKey: Guid(fb86a4fc6c6ead3478c81b97811b2867) Importer(815301076,1909f56bfc062723c751e8b465ee728b)
Start importing Assets/Palatte/Dungeon_Tileset_12.asset using Guid(fb86a4fc6c6ead3478c81b97811b2867) Importer(815301076,1909f56bfc062723c751e8b465ee728b)  -> (artifact id: 'e2823a96527201e1d18b14e83d12f282') in 0.204773 seconds
  Import took 0.247022 seconds .

========================================================================
Received Import Request.
  Time since last request: 0.000742 seconds.
  path: Assets/Palatte/Dungeon_Tileset_14.asset
  artifactKey: Guid(02e88368f45977c4bb3ce8fae7da01b9) Importer(815301076,1909f56bfc062723c751e8b465ee728b)
Start importing Assets/Palatte/Dungeon_Tileset_14.asset using Guid(02e88368f45977c4bb3ce8fae7da01b9) Importer(815301076,1909f56bfc062723c751e8b465ee728b)  -> (artifact id: '51022e15eec3dc7b273a425814e23a82') in 0.111907 seconds
  Import took 0.146661 seconds .

========================================================================
Received Import Request.
  Time since last request: 0.003015 seconds.
  path: Assets/Palatte/Dungeon_Tileset_38.asset
  artifactKey: Guid(d7bc272f1f2929445be7899e94b23baf) Importer(815301076,1909f56bfc062723c751e8b465ee728b)
Start importing Assets/Palatte/Dungeon_Tileset_38.asset using Guid(d7bc272f1f2929445be7899e94b23baf) Importer(815301076,1909f56bfc062723c751e8b465ee728b)  -> (artifact id: 'e445a7be03aa59251975e943132a86d2') in 0.236740 seconds
  Import took 0.282528 seconds .

========================================================================
Received Import Request.
  Time since last request: 0.002194 seconds.
  path: Assets/Palatte/Dungeon_Tileset_35.asset
  artifactKey: Guid(5931596715438374ba41547a98d5cea8) Importer(815301076,1909f56bfc062723c751e8b465ee728b)
Start importing Assets/Palatte/Dungeon_Tileset_35.asset using Guid(5931596715438374ba41547a98d5cea8) Importer(815301076,1909f56bfc062723c751e8b465ee728b)  -> (artifact id: '00e873cc3289a72d6a14cfe1debf09c1') in 0.194434 seconds
  Import took 0.234490 seconds .

========================================================================
Received Import Request.
  Time since last request: 0.005308 seconds.
  path: Assets/Palatte/Dungeon_Tileset_7.asset
  artifactKey: Guid(5f70a447f17f94443872c66f89c3f1a6) Importer(815301076,1909f56bfc062723c751e8b465ee728b)
Start importing Assets/Palatte/Dungeon_Tileset_7.asset using Guid(5f70a447f17f94443872c66f89c3f1a6) Importer(815301076,1909f56bfc062723c751e8b465ee728b)  -> (artifact id: 'f37dfb59d497b7936dbf6862c6faac51') in 0.243036 seconds
  Import took 0.272761 seconds .

========================================================================
Received Import Request.
  Time since last request: 0.000844 seconds.
  path: Assets/Palatte/Dungeon_Tileset_10.asset
  artifactKey: Guid(2676192e5054f4342a0f091807d69956) Importer(815301076,1909f56bfc062723c751e8b465ee728b)
Start importing Assets/Palatte/Dungeon_Tileset_10.asset using Guid(2676192e5054f4342a0f091807d69956) Importer(815301076,1909f56bfc062723c751e8b465ee728b)  -> (artifact id: 'cb5b97baa72ab95a2cb89fd8e2f308e2') in 0.055288 seconds
  Import took 0.075249 seconds .

========================================================================
Received Import Request.
  Time since last request: 0.000908 seconds.
  path: Assets/Palatte/Dungeon_Tileset_13.asset
  artifactKey: Guid(2fa0addb666bac1459ac727a783cbc4f) Importer(815301076,1909f56bfc062723c751e8b465ee728b)
Start importing Assets/Palatte/Dungeon_Tileset_13.asset using Guid(2fa0addb666bac1459ac727a783cbc4f) Importer(815301076,1909f56bfc062723c751e8b465ee728b)  -> (artifact id: '759280f2879ed4881c05eb9cc16f2928') in 0.106835 seconds
  Import took 0.135198 seconds .

========================================================================
Received Import Request.
  Time since last request: 0.002119 seconds.
  path: Assets/Palatte/Dungeon_Tileset_23.asset
  artifactKey: Guid(ce66b6e51b99a1b41b67a3f4cdf8b584) Importer(815301076,1909f56bfc062723c751e8b465ee728b)
Start importing Assets/Palatte/Dungeon_Tileset_23.asset using Guid(ce66b6e51b99a1b41b67a3f4cdf8b584) Importer(815301076,1909f56bfc062723c751e8b465ee728b)  -> (artifact id: '5512141048b0c5a61ce3dbf73a57ef14') in 0.129393 seconds
  Import took 0.164913 seconds .

========================================================================
Received Import Request.
  Time since last request: 0.001567 seconds.
  path: Assets/Palatte/Dungeon_Tileset_36.asset
  artifactKey: Guid(a9445252dfc24cc458edc562c2e994ab) Importer(815301076,1909f56bfc062723c751e8b465ee728b)
Start importing Assets/Palatte/Dungeon_Tileset_36.asset using Guid(a9445252dfc24cc458edc562c2e994ab) Importer(815301076,1909f56bfc062723c751e8b465ee728b)  -> (artifact id: '3072df36099a66d8f260885147c75fd2') in 0.127851 seconds
  Import took 0.169934 seconds .

========================================================================
Received Import Request.
  Time since last request: 0.000827 seconds.
  path: Assets/Palatte/Dungeon_Tileset_11.asset
  artifactKey: Guid(14fa7c8c291b81d4e956ba8df9b0a285) Importer(815301076,1909f56bfc062723c751e8b465ee728b)
Start importing Assets/Palatte/Dungeon_Tileset_11.asset using Guid(14fa7c8c291b81d4e956ba8df9b0a285) Importer(815301076,1909f56bfc062723c751e8b465ee728b)  -> (artifact id: 'e2b5ddbd6808569b988f6cb98802e3a7') in 0.165681 seconds
  Import took 0.187125 seconds .

========================================================================
Received Import Request.
  Time since last request: 0.000973 seconds.
  path: Assets/Palatte/Dungeon_Tileset_30.asset
  artifactKey: Guid(2b22cd0f089467c4b804a0339acde968) Importer(815301076,1909f56bfc062723c751e8b465ee728b)
Start importing Assets/Palatte/Dungeon_Tileset_30.asset using Guid(2b22cd0f089467c4b804a0339acde968) Importer(815301076,1909f56bfc062723c751e8b465ee728b)  -> (artifact id: 'b177c5628b11a89697d58f38911622c9') in 0.094831 seconds
  Import took 0.123264 seconds .

========================================================================
Received Import Request.
  Time since last request: 0.000963 seconds.
  path: Assets/Palatte/Dungeon_Tileset_31.asset
  artifactKey: Guid(e8c41cec40c51dd4f9b1ce8b197539de) Importer(815301076,1909f56bfc062723c751e8b465ee728b)
Start importing Assets/Palatte/Dungeon_Tileset_31.asset using Guid(e8c41cec40c51dd4f9b1ce8b197539de) Importer(815301076,1909f56bfc062723c751e8b465ee728b)  -> (artifact id: '443aecabd31c45999f154c6c0bcfbe3a') in 0.079976 seconds
  Import took 0.109458 seconds .

========================================================================
Received Import Request.
  Time since last request: 0.008147 seconds.
  path: Assets/Palatte/Dungeon_Tileset_19.asset
  artifactKey: Guid(3e508c80d7ad45c4d9f617a593a95afb) Importer(815301076,1909f56bfc062723c751e8b465ee728b)
Start importing Assets/Palatte/Dungeon_Tileset_19.asset using Guid(3e508c80d7ad45c4d9f617a593a95afb) Importer(815301076,1909f56bfc062723c751e8b465ee728b)  -> (artifact id: '6bf72e54e6de77d11895474d988bd036') in 0.076476 seconds
  Import took 0.102738 seconds .

========================================================================
Received Import Request.
  Time since last request: 0.000809 seconds.
  path: Assets/Palatte/Dungeon_Tileset_2.asset
  artifactKey: Guid(52239d91f922716419737641e1aa848a) Importer(815301076,1909f56bfc062723c751e8b465ee728b)
Start importing Assets/Palatte/Dungeon_Tileset_2.asset using Guid(52239d91f922716419737641e1aa848a) Importer(815301076,1909f56bfc062723c751e8b465ee728b)  -> (artifact id: 'b70693c150067e19ca7c78113b9a89b7') in 0.068933 seconds
  Import took 0.090476 seconds .

========================================================================
Received Import Request.
  Time since last request: 0.000866 seconds.
  path: Assets/Palatte/Dungeon_Tileset_1.asset
  artifactKey: Guid(832e0e8caac755345a387ad823496607) Importer(815301076,1909f56bfc062723c751e8b465ee728b)
Start importing Assets/Palatte/Dungeon_Tileset_1.asset using Guid(832e0e8caac755345a387ad823496607) Importer(815301076,1909f56bfc062723c751e8b465ee728b)  -> (artifact id: '00918bffc09456faca981e8c2f0fc4d3') in 0.291739 seconds
  Import took 0.321788 seconds .

========================================================================
Received Import Request.
  Time since last request: 0.001343 seconds.
  path: Assets/Palatte/Dungeon_Tileset_27.asset
  artifactKey: Guid(411047568e41fd7468fe80f4c88b9f5f) Importer(815301076,1909f56bfc062723c751e8b465ee728b)
Start importing Assets/Palatte/Dungeon_Tileset_27.asset using Guid(411047568e41fd7468fe80f4c88b9f5f) Importer(815301076,1909f56bfc062723c751e8b465ee728b)  -> (artifact id: 'a16a64f6aab44c253bed524b4d22e422') in 0.235773 seconds
  Import took 0.294503 seconds .

========================================================================
Received Import Request.
  Time since last request: 0.023695 seconds.
  path: Assets/Palatte/Dungeon_Tileset_5.asset
  artifactKey: Guid(66901f821b38e154ebc143ff3ea66b64) Importer(815301076,1909f56bfc062723c751e8b465ee728b)
Start importing Assets/Palatte/Dungeon_Tileset_5.asset using Guid(66901f821b38e154ebc143ff3ea66b64) Importer(815301076,1909f56bfc062723c751e8b465ee728b)  -> (artifact id: '0879b25c2723154855819efb31174a1b') in 0.246753 seconds
  Import took 0.285182 seconds .

========================================================================
Received Import Request.
  Time since last request: 0.000828 seconds.
  path: Assets/Palatte/Dungeon_Tileset_8.asset
  artifactKey: Guid(b56b9275ab08a794d8ab369ff277dd45) Importer(815301076,1909f56bfc062723c751e8b465ee728b)
Start importing Assets/Palatte/Dungeon_Tileset_8.asset using Guid(b56b9275ab08a794d8ab369ff277dd45) Importer(815301076,1909f56bfc062723c751e8b465ee728b)  -> (artifact id: 'b14d074e743d9d98c5c966c79e8ef34a') in 0.186690 seconds
  Import took 0.211581 seconds .

========================================================================
Received Import Request.
  Time since last request: 5.905474 seconds.
  path: Assets/Palatte/Dungeon_Tileset_49.asset
  artifactKey: Guid(c0d42e743df9eea418940888f750cda9) Importer(815301076,1909f56bfc062723c751e8b465ee728b)
Start importing Assets/Palatte/Dungeon_Tileset_49.asset using Guid(c0d42e743df9eea418940888f750cda9) Importer(815301076,1909f56bfc062723c751e8b465ee728b)  -> (artifact id: '3bb3c0bc948c5a183753bfcf207ff8fd') in 0.051722 seconds
  Import took 0.068530 seconds .

========================================================================
Received Import Request.
  Time since last request: 0.000934 seconds.
  path: Assets/Palatte/Dungeon_Tileset_59.asset
  artifactKey: Guid(b5fbd23b5d1dc404aa6e124a139dd0e4) Importer(815301076,1909f56bfc062723c751e8b465ee728b)
Start importing Assets/Palatte/Dungeon_Tileset_59.asset using Guid(b5fbd23b5d1dc404aa6e124a139dd0e4) Importer(815301076,1909f56bfc062723c751e8b465ee728b)  -> (artifact id: 'ccc4abf23a0210d9f2a6fe2aca7180bf') in 0.058103 seconds
  Import took 0.076816 seconds .

========================================================================
Received Import Request.
  Time since last request: 0.000825 seconds.
  path: Assets/Palatte/Dungeon_Tileset_77.asset
  artifactKey: Guid(d6a7bba6f9edf7e40ab1874db22f07a3) Importer(815301076,1909f56bfc062723c751e8b465ee728b)
Start importing Assets/Palatte/Dungeon_Tileset_77.asset using Guid(d6a7bba6f9edf7e40ab1874db22f07a3) Importer(815301076,1909f56bfc062723c751e8b465ee728b)  -> (artifact id: '5a9e5d730c8ed651a4ff2a6285745c23') in 0.052275 seconds
  Import took 0.069543 seconds .

========================================================================
Received Import Request.
  Time since last request: 0.000813 seconds.
  path: Assets/Palatte/Dungeon_Tileset_81.asset
  artifactKey: Guid(80a2c66b5effa1e4694750bd490741ba) Importer(815301076,1909f56bfc062723c751e8b465ee728b)
Start importing Assets/Palatte/Dungeon_Tileset_81.asset using Guid(80a2c66b5effa1e4694750bd490741ba) Importer(815301076,1909f56bfc062723c751e8b465ee728b)  -> (artifact id: 'db77f1471a48b446d4026e8612dcbcbe') in 0.056029 seconds
  Import took 0.070089 seconds .

========================================================================
Received Import Request.
  Time since last request: 0.000778 seconds.
  path: Assets/Palatte/Dungeon_Tileset_75.asset
  artifactKey: Guid(577cccae8afc46e479d632b212a030f3) Importer(815301076,1909f56bfc062723c751e8b465ee728b)
Start importing Assets/Palatte/Dungeon_Tileset_75.asset using Guid(577cccae8afc46e479d632b212a030f3) Importer(815301076,1909f56bfc062723c751e8b465ee728b)  -> (artifact id: '06fb01e252316e74206a9472a9855a67') in 0.055540 seconds
  Import took 0.075823 seconds .

========================================================================
Received Import Request.
  Time since last request: 0.001162 seconds.
  path: Assets/Palatte/Dungeon_Tileset_69.asset
  artifactKey: Guid(e81fc9a4b06f9914687cc0610d548cf1) Importer(815301076,1909f56bfc062723c751e8b465ee728b)
Start importing Assets/Palatte/Dungeon_Tileset_69.asset using Guid(e81fc9a4b06f9914687cc0610d548cf1) Importer(815301076,1909f56bfc062723c751e8b465ee728b)  -> (artifact id: '1036a4eba95518f675dda1f550b8719e') in 0.062363 seconds
  Import took 0.081146 seconds .

========================================================================
Received Import Request.
  Time since last request: 0.000737 seconds.
  path: Assets/Palatte/Dungeon_Tileset_52.asset
  artifactKey: Guid(aa47a189d821aac44aec6636f8c85595) Importer(815301076,1909f56bfc062723c751e8b465ee728b)
Start importing Assets/Palatte/Dungeon_Tileset_52.asset using Guid(aa47a189d821aac44aec6636f8c85595) Importer(815301076,1909f56bfc062723c751e8b465ee728b)  -> (artifact id: '1e30ce0ca9ca7fa725e256672e49cea2') in 0.062922 seconds
  Import took 0.078507 seconds .

========================================================================
Received Import Request.
  Time since last request: 0.000998 seconds.
  path: Assets/Palatte/Dungeon_Tileset_94.asset
  artifactKey: Guid(1c06d519d3937674f9ccb98a197d227d) Importer(815301076,1909f56bfc062723c751e8b465ee728b)
Start importing Assets/Palatte/Dungeon_Tileset_94.asset using Guid(1c06d519d3937674f9ccb98a197d227d) Importer(815301076,1909f56bfc062723c751e8b465ee728b)  -> (artifact id: 'c562329978b4f8ae1bdd737333e8d82d') in 0.056004 seconds
  Import took 0.075586 seconds .

========================================================================
Received Import Request.
  Time since last request: 0.001097 seconds.
  path: Assets/Palatte/Dungeon_Tileset_73.asset
  artifactKey: Guid(c12b23886d6f70943b53e010d41ffd9b) Importer(815301076,1909f56bfc062723c751e8b465ee728b)
Start importing Assets/Palatte/Dungeon_Tileset_73.asset using Guid(c12b23886d6f70943b53e010d41ffd9b) Importer(815301076,1909f56bfc062723c751e8b465ee728b)  -> (artifact id: '62f78548fdabac6bc076264c9c9695ae') in 0.063169 seconds
  Import took 0.094819 seconds .

========================================================================
Received Import Request.
  Time since last request: 0.000833 seconds.
  path: Assets/Palatte/Dungeon_Tileset_91.asset
  artifactKey: Guid(95c6eda08ad1b984788b6b2563019070) Importer(815301076,1909f56bfc062723c751e8b465ee728b)
Start importing Assets/Palatte/Dungeon_Tileset_91.asset using Guid(95c6eda08ad1b984788b6b2563019070) Importer(815301076,1909f56bfc062723c751e8b465ee728b)  -> (artifact id: 'e71af20523538692205239103fa9f779') in 0.063728 seconds
  Import took 0.084691 seconds .

========================================================================
Received Import Request.
  Time since last request: 0.000837 seconds.
  path: Assets/Palatte/Dungeon_Tileset_72.asset
  artifactKey: Guid(a06bfb12ef11ce643a6223496a3662dc) Importer(815301076,1909f56bfc062723c751e8b465ee728b)
Start importing Assets/Palatte/Dungeon_Tileset_72.asset using Guid(a06bfb12ef11ce643a6223496a3662dc) Importer(815301076,1909f56bfc062723c751e8b465ee728b)  -> (artifact id: 'b1805d7df92f245d42be7d05bbe4c641') in 0.063496 seconds
  Import took 0.082452 seconds .

========================================================================
Received Import Request.
  Time since last request: 0.000887 seconds.
  path: Assets/Palatte/Dungeon_Tileset_66.asset
  artifactKey: Guid(846a2160f59c0e844b090b2a7d184eb2) Importer(815301076,1909f56bfc062723c751e8b465ee728b)
Start importing Assets/Palatte/Dungeon_Tileset_66.asset using Guid(846a2160f59c0e844b090b2a7d184eb2) Importer(815301076,1909f56bfc062723c751e8b465ee728b)  -> (artifact id: '914c114f3832d9e488435d8f1d9da6b3') in 0.054480 seconds
  Import took 0.072903 seconds .

========================================================================
Received Import Request.
  Time since last request: 0.000800 seconds.
  path: Assets/Palatte/Dungeon_Tileset_64.asset
  artifactKey: Guid(4ea3d4c4c70410d44a5535491f638945) Importer(815301076,1909f56bfc062723c751e8b465ee728b)
Start importing Assets/Palatte/Dungeon_Tileset_64.asset using Guid(4ea3d4c4c70410d44a5535491f638945) Importer(815301076,1909f56bfc062723c751e8b465ee728b)  -> (artifact id: '8c1c1484614d02d984dc46975a5a8f22') in 0.057231 seconds
  Import took 0.078835 seconds .

========================================================================
Received Import Request.
  Time since last request: 0.000913 seconds.
  path: Assets/Palatte/Dungeon_Tileset_80.asset
  artifactKey: Guid(becbeddee4b12d84cb0e363c4b23c100) Importer(815301076,1909f56bfc062723c751e8b465ee728b)
Start importing Assets/Palatte/Dungeon_Tileset_80.asset using Guid(becbeddee4b12d84cb0e363c4b23c100) Importer(815301076,1909f56bfc062723c751e8b465ee728b)  -> (artifact id: '6f1ceef37ca915d282cadc4b4ed4e1e7') in 0.076532 seconds
  Import took 0.095303 seconds .

========================================================================
Received Import Request.
  Time since last request: 0.005918 seconds.
  path: Assets/Palatte/Dungeon_Tileset_63.asset
  artifactKey: Guid(2210b92b7fbee6949b6f3bbdb7f5edae) Importer(815301076,1909f56bfc062723c751e8b465ee728b)
Start importing Assets/Palatte/Dungeon_Tileset_63.asset using Guid(2210b92b7fbee6949b6f3bbdb7f5edae) Importer(815301076,1909f56bfc062723c751e8b465ee728b)  -> (artifact id: '37a43f65799d8258b9980355b8b1242e') in 0.064407 seconds
  Import took 0.084896 seconds .

========================================================================
Received Import Request.
  Time since last request: 0.000922 seconds.
  path: Assets/Palatte/Dungeon_Tileset_70.asset
  artifactKey: Guid(549e3a1cb95211140a23ba078e32b933) Importer(815301076,1909f56bfc062723c751e8b465ee728b)
Start importing Assets/Palatte/Dungeon_Tileset_70.asset using Guid(549e3a1cb95211140a23ba078e32b933) Importer(815301076,1909f56bfc062723c751e8b465ee728b)  -> (artifact id: 'afe3e707b3347e6c9645fd1f91bbb697') in 0.079311 seconds
  Import took 0.125070 seconds .

========================================================================
Received Import Request.
  Time since last request: 0.063229 seconds.
  path: Assets/Palatte/Dungeon_Tileset_53.asset
  artifactKey: Guid(009c8088f777db74a859b7063a379e07) Importer(815301076,1909f56bfc062723c751e8b465ee728b)
Start importing Assets/Palatte/Dungeon_Tileset_53.asset using Guid(009c8088f777db74a859b7063a379e07) Importer(815301076,1909f56bfc062723c751e8b465ee728b)  -> (artifact id: 'cf8eaf210672aeb0abd257f98aca3aa9') in 0.162249 seconds
  Import took 0.216390 seconds .

========================================================================
Received Import Request.
  Time since last request: 0.004657 seconds.
  path: Assets/Palatte/Dungeon_Tileset_60.asset
  artifactKey: Guid(f50b1043eb10c694b8f47cfbd62cee5e) Importer(815301076,1909f56bfc062723c751e8b465ee728b)
Start importing Assets/Palatte/Dungeon_Tileset_60.asset using Guid(f50b1043eb10c694b8f47cfbd62cee5e) Importer(815301076,1909f56bfc062723c751e8b465ee728b)  -> (artifact id: 'dc5a7743063c73f5b6acd9fd4668df3f') in 0.281490 seconds
  Import took 0.408088 seconds .

========================================================================
Received Import Request.
  Time since last request: 0.004306 seconds.
  path: Assets/Palatte/Dungeon_Tileset_74.asset
  artifactKey: Guid(b6e0e79ce33eb064ca3923fba6478935) Importer(815301076,1909f56bfc062723c751e8b465ee728b)
Start importing Assets/Palatte/Dungeon_Tileset_74.asset using Guid(b6e0e79ce33eb064ca3923fba6478935) Importer(815301076,1909f56bfc062723c751e8b465ee728b)  -> (artifact id: '353ebbb68ef3e291334de11df9194c5b') in 0.271426 seconds
  Import took 0.375624 seconds .

========================================================================
Received Import Request.
  Time since last request: 0.002297 seconds.
  path: Assets/Palatte/Dungeon_Tileset_78.asset
  artifactKey: Guid(ef29271e8be464142b340af90bc09fe2) Importer(815301076,1909f56bfc062723c751e8b465ee728b)
Start importing Assets/Palatte/Dungeon_Tileset_78.asset using Guid(ef29271e8be464142b340af90bc09fe2) Importer(815301076,1909f56bfc062723c751e8b465ee728b)  -> (artifact id: 'a5645f45ff88f2b2925926cff9cc29f2') in 0.099264 seconds
  Import took 0.228911 seconds .

========================================================================
Received Import Request.
  Time since last request: 0.001017 seconds.
  path: Assets/Palatte/Dungeon_Tileset_99.asset
  artifactKey: Guid(b2f532d563afb8442ad72baf43ca83c9) Importer(815301076,1909f56bfc062723c751e8b465ee728b)
Start importing Assets/Palatte/Dungeon_Tileset_99.asset using Guid(b2f532d563afb8442ad72baf43ca83c9) Importer(815301076,1909f56bfc062723c751e8b465ee728b)  -> (artifact id: '74e31ba3b67e906d634d8a3be7b27d8f') in 0.148707 seconds
  Import took 0.197752 seconds .

========================================================================
Received Import Request.
  Time since last request: 0.000869 seconds.
  path: Assets/Palatte/New Palette.prefab
  artifactKey: Guid(cc5a011b71fe1844f96b5d44c0921fac) Importer(815301076,1909f56bfc062723c751e8b465ee728b)
Start importing Assets/Palatte/New Palette.prefab using Guid(cc5a011b71fe1844f96b5d44c0921fac) Importer(815301076,1909f56bfc062723c751e8b465ee728b)  -> (artifact id: '43b22a6652560c1b8eea1bf518844f04') in 0.102505 seconds
  Import took 0.189925 seconds .

========================================================================
Received Import Request.
  Time since last request: 0.002190 seconds.
  path: Assets/Palatte/Dungeon_Tileset_68.asset
  artifactKey: Guid(8ab2b617eacbd154d82a5695be4fe9d4) Importer(815301076,1909f56bfc062723c751e8b465ee728b)
Start importing Assets/Palatte/Dungeon_Tileset_68.asset using Guid(8ab2b617eacbd154d82a5695be4fe9d4) Importer(815301076,1909f56bfc062723c751e8b465ee728b)  -> (artifact id: '0ba3204d040c3e5707572140b6831d72') in 0.114202 seconds
  Import took 0.138486 seconds .

========================================================================
Received Import Request.
  Time since last request: 0.001506 seconds.
  path: Assets/Palatte/Dungeon_Tileset_85.asset
  artifactKey: Guid(693ed76306bd39d43adec4f96793ef01) Importer(815301076,1909f56bfc062723c751e8b465ee728b)
Start importing Assets/Palatte/Dungeon_Tileset_85.asset using Guid(693ed76306bd39d43adec4f96793ef01) Importer(815301076,1909f56bfc062723c751e8b465ee728b)  -> (artifact id: '726dd2e180ff4c4eed9cb8b65c47eef2') in 0.086269 seconds
  Import took 0.135272 seconds .

========================================================================
Received Import Request.
  Time since last request: 0.000858 seconds.
  path: Assets/Palatte/Dungeon_Tileset_62.asset
  artifactKey: Guid(c6203c3b5e53579449b7ac134237b630) Importer(815301076,1909f56bfc062723c751e8b465ee728b)
Start importing Assets/Palatte/Dungeon_Tileset_62.asset using Guid(c6203c3b5e53579449b7ac134237b630) Importer(815301076,1909f56bfc062723c751e8b465ee728b)  -> (artifact id: '5c29c064736d1253a4dde0a6169ec3f8') in 0.082909 seconds
  Import took 0.100752 seconds .

========================================================================
Received Import Request.
  Time since last request: 0.000939 seconds.
  path: Assets/Palatte/Dungeon_Tileset_96.asset
  artifactKey: Guid(63cbe48cd5553d947a5ce0a26bb104ac) Importer(815301076,1909f56bfc062723c751e8b465ee728b)
Start importing Assets/Palatte/Dungeon_Tileset_96.asset using Guid(63cbe48cd5553d947a5ce0a26bb104ac) Importer(815301076,1909f56bfc062723c751e8b465ee728b)  -> (artifact id: 'b1ac9f5a9e03f930c97e092022312f4e') in 0.161584 seconds
  Import took 0.196150 seconds .

========================================================================
Received Import Request.
  Time since last request: 0.001641 seconds.
  path: Assets/Palatte/Dungeon_Tileset_51.asset
  artifactKey: Guid(4e3a529c10113eb44bcd56cae2366a61) Importer(815301076,1909f56bfc062723c751e8b465ee728b)
Start importing Assets/Palatte/Dungeon_Tileset_51.asset using Guid(4e3a529c10113eb44bcd56cae2366a61) Importer(815301076,1909f56bfc062723c751e8b465ee728b)  -> (artifact id: '70aeb8eab64d89b374bbe1767bf1753a') in 0.137454 seconds
  Import took 0.167860 seconds .

========================================================================
Received Import Request.
  Time since last request: 0.000935 seconds.
  path: Assets/Palatte/Dungeon_Tileset_54.asset
  artifactKey: Guid(91cfee5d655b2094d8452012f44336c0) Importer(815301076,1909f56bfc062723c751e8b465ee728b)
Start importing Assets/Palatte/Dungeon_Tileset_54.asset using Guid(91cfee5d655b2094d8452012f44336c0) Importer(815301076,1909f56bfc062723c751e8b465ee728b)  -> (artifact id: 'd748a3bf513e963ec344c80d94dcb8e2') in 0.075748 seconds
  Import took 0.101091 seconds .

========================================================================
Received Import Request.
  Time since last request: 0.001516 seconds.
  path: Assets/Palatte/Dungeon_Tileset_97.asset
  artifactKey: Guid(1f4d8d69184b46e4db36d2f15075c302) Importer(815301076,1909f56bfc062723c751e8b465ee728b)
Start importing Assets/Palatte/Dungeon_Tileset_97.asset using Guid(1f4d8d69184b46e4db36d2f15075c302) Importer(815301076,1909f56bfc062723c751e8b465ee728b)  -> (artifact id: '9e147b8b0437629a0c188ef6d5b559e9') in 0.078226 seconds
  Import took 0.113104 seconds .

========================================================================
Received Import Request.
  Time since last request: 0.009197 seconds.
  path: Assets/Palatte/Dungeon_Tileset_50.asset
  artifactKey: Guid(a723da40ce19db042adc765c9234f70a) Importer(815301076,1909f56bfc062723c751e8b465ee728b)
Start importing Assets/Palatte/Dungeon_Tileset_50.asset using Guid(a723da40ce19db042adc765c9234f70a) Importer(815301076,1909f56bfc062723c751e8b465ee728b)  -> (artifact id: '0b80e7e3ab90cf4e86065c7423bee397') in 0.228117 seconds
  Import took 0.276904 seconds .

========================================================================
Received Import Request.
  Time since last request: 0.008297 seconds.
  path: Assets/Palatte/Dungeon_Tileset_92.asset
  artifactKey: Guid(93152a9e3d1eb0c4daa8f5b9508ed1c8) Importer(815301076,1909f56bfc062723c751e8b465ee728b)
Start importing Assets/Palatte/Dungeon_Tileset_92.asset using Guid(93152a9e3d1eb0c4daa8f5b9508ed1c8) Importer(815301076,1909f56bfc062723c751e8b465ee728b)  -> (artifact id: 'b04c8b1c7e890bce5370d0cfa739dcb6') in 0.176568 seconds
  Import took 0.252777 seconds .

========================================================================
Received Import Request.
  Time since last request: 0.000925 seconds.
  path: Assets/Palatte/Dungeon_Tileset_82.asset
  artifactKey: Guid(3e59515be2ac36d43b11b5858ffdada9) Importer(815301076,1909f56bfc062723c751e8b465ee728b)
Start importing Assets/Palatte/Dungeon_Tileset_82.asset using Guid(3e59515be2ac36d43b11b5858ffdada9) Importer(815301076,1909f56bfc062723c751e8b465ee728b)  -> (artifact id: '4bb7b69fc5f43865565c6a428da1b27a') in 0.150169 seconds
  Import took 0.183199 seconds .

========================================================================
Received Import Request.
  Time since last request: 0.001466 seconds.
  path: Assets/Palatte/Dungeon_Tileset_84.asset
  artifactKey: Guid(abd5d72a9579bc04cac890d91c167afb) Importer(815301076,1909f56bfc062723c751e8b465ee728b)
Start importing Assets/Palatte/Dungeon_Tileset_84.asset using Guid(abd5d72a9579bc04cac890d91c167afb) Importer(815301076,1909f56bfc062723c751e8b465ee728b)  -> (artifact id: '85cc42d39a8eadc9f269b743976023e5') in 0.108876 seconds
  Import took 0.154636 seconds .

========================================================================
Received Import Request.
  Time since last request: 0.001023 seconds.
  path: Assets/Palatte/Dungeon_Tileset_88.asset
  artifactKey: Guid(7930428b25f143641bd6a0d8bdf17386) Importer(815301076,1909f56bfc062723c751e8b465ee728b)
Start importing Assets/Palatte/Dungeon_Tileset_88.asset using Guid(7930428b25f143641bd6a0d8bdf17386) Importer(815301076,1909f56bfc062723c751e8b465ee728b)  -> (artifact id: '772918432601a8b4284054e54bf6fb1d') in 0.106359 seconds
  Import took 0.134432 seconds .

========================================================================
Received Import Request.
  Time since last request: 0.003034 seconds.
  path: Assets/Palatte/Dungeon_Tileset_65.asset
  artifactKey: Guid(6a394796aba850446a4cf229cdd2e65d) Importer(815301076,1909f56bfc062723c751e8b465ee728b)
Start importing Assets/Palatte/Dungeon_Tileset_65.asset using Guid(6a394796aba850446a4cf229cdd2e65d) Importer(815301076,1909f56bfc062723c751e8b465ee728b)  -> (artifact id: 'f7906f8ddc2e15dfc2111115dd8dad99') in 0.098563 seconds
  Import took 0.124296 seconds .

========================================================================
Received Import Request.
  Time since last request: 0.000898 seconds.
  path: Assets/Palatte/Dungeon_Tileset_58.asset
  artifactKey: Guid(b13b7582b550d14439a1479bce3f47cc) Importer(815301076,1909f56bfc062723c751e8b465ee728b)
Start importing Assets/Palatte/Dungeon_Tileset_58.asset using Guid(b13b7582b550d14439a1479bce3f47cc) Importer(815301076,1909f56bfc062723c751e8b465ee728b)  -> (artifact id: 'c50809a4c26bdf0b024f6f98f54b0d71') in 0.221380 seconds
  Import took 0.256188 seconds .

========================================================================
Received Import Request.
  Time since last request: 0.004097 seconds.
  path: Assets/Palatte/Dungeon_Tileset_90.asset
  artifactKey: Guid(a595dbc4ee8b1774d8ae5e4bf6c9f632) Importer(815301076,1909f56bfc062723c751e8b465ee728b)
Start importing Assets/Palatte/Dungeon_Tileset_90.asset using Guid(a595dbc4ee8b1774d8ae5e4bf6c9f632) Importer(815301076,1909f56bfc062723c751e8b465ee728b)  -> (artifact id: 'cb3ce3b0ff70a9ee28b0373f705922af') in 0.159770 seconds
  Import took 0.205633 seconds .

========================================================================
Received Import Request.
  Time since last request: 0.000434 seconds.
  path: Assets/Palatte/Dungeon_Tileset_86.asset
  artifactKey: Guid(9323ed472345fc249872971863dc9f8c) Importer(815301076,1909f56bfc062723c751e8b465ee728b)
Start importing Assets/Palatte/Dungeon_Tileset_86.asset using Guid(9323ed472345fc249872971863dc9f8c) Importer(815301076,1909f56bfc062723c751e8b465ee728b)  -> (artifact id: '9335555fd23a62416b001e527b841498') in 0.137640 seconds
  Import took 0.223133 seconds .

========================================================================
Received Import Request.
  Time since last request: 0.006003 seconds.
  path: Assets/Palatte/Dungeon_Tileset_71.asset
  artifactKey: Guid(aeead66732adbaf419747adef53b69a9) Importer(815301076,1909f56bfc062723c751e8b465ee728b)
Start importing Assets/Palatte/Dungeon_Tileset_71.asset using Guid(aeead66732adbaf419747adef53b69a9) Importer(815301076,1909f56bfc062723c751e8b465ee728b)  -> (artifact id: 'd26c4d83c67df73be24560a054abc36a') in 0.216337 seconds
  Import took 0.241953 seconds .

========================================================================
Received Import Request.
  Time since last request: 0.000861 seconds.
  path: Assets/Palatte/Dungeon_Tileset_61.asset
  artifactKey: Guid(aa117978879c4834fa92220a7302f67c) Importer(815301076,1909f56bfc062723c751e8b465ee728b)
Start importing Assets/Palatte/Dungeon_Tileset_61.asset using Guid(aa117978879c4834fa92220a7302f67c) Importer(815301076,1909f56bfc062723c751e8b465ee728b)  -> (artifact id: 'd331d184c8905093b158f6fae444d1a7') in 0.072489 seconds
  Import took 0.100396 seconds .

========================================================================
Received Import Request.
  Time since last request: 0.001033 seconds.
  path: Assets/Palatte/Dungeon_Tileset_56.asset
  artifactKey: Guid(fbc80d5811c75be40869f40f2d9cc3db) Importer(815301076,1909f56bfc062723c751e8b465ee728b)
Start importing Assets/Palatte/Dungeon_Tileset_56.asset using Guid(fbc80d5811c75be40869f40f2d9cc3db) Importer(815301076,1909f56bfc062723c751e8b465ee728b)  -> (artifact id: '6ab19ae94c9bab49a171c57e24ee6ea8') in 0.211821 seconds
  Import took 0.232824 seconds .

========================================================================
Received Import Request.
  Time since last request: 0.016718 seconds.
  path: Assets/Palatte/Dungeon_Tileset_95.asset
  artifactKey: Guid(b8d8dbe2905435c4ea2b2237ae7a5472) Importer(815301076,1909f56bfc062723c751e8b465ee728b)
Start importing Assets/Palatte/Dungeon_Tileset_95.asset using Guid(b8d8dbe2905435c4ea2b2237ae7a5472) Importer(815301076,1909f56bfc062723c751e8b465ee728b)  -> (artifact id: 'a8a4cd4f92d69934f1b6fd6680c71dc2') in 0.109473 seconds
  Import took 0.136939 seconds .

========================================================================
Received Import Request.
  Time since last request: 0.003425 seconds.
  path: Assets/Palatte/Dungeon_Tileset_93.asset
  artifactKey: Guid(a2e40becacd6e76458860e182554c1e6) Importer(815301076,1909f56bfc062723c751e8b465ee728b)
Start importing Assets/Palatte/Dungeon_Tileset_93.asset using Guid(a2e40becacd6e76458860e182554c1e6) Importer(815301076,1909f56bfc062723c751e8b465ee728b)  -> (artifact id: '38ec17af56a928a25c8dc3b270143757') in 0.135954 seconds
  Import took 0.174620 seconds .

========================================================================
Received Import Request.
  Time since last request: 0.001319 seconds.
  path: Assets/Palatte/Dungeon_Tileset_76.asset
  artifactKey: Guid(96ac9ce287212644eac8f9c71a8f2fe9) Importer(815301076,1909f56bfc062723c751e8b465ee728b)
Start importing Assets/Palatte/Dungeon_Tileset_76.asset using Guid(96ac9ce287212644eac8f9c71a8f2fe9) Importer(815301076,1909f56bfc062723c751e8b465ee728b)  -> (artifact id: '389cccb99b079dc2c0fe472b368f34ed') in 0.076996 seconds
  Import took 0.097966 seconds .

========================================================================
Received Import Request.
  Time since last request: 0.001354 seconds.
  path: Assets/Palatte/Dungeon_Tileset_87.asset
  artifactKey: Guid(8db69106dbbd7c147b40fcf03cc76b6f) Importer(815301076,1909f56bfc062723c751e8b465ee728b)
Start importing Assets/Palatte/Dungeon_Tileset_87.asset using Guid(8db69106dbbd7c147b40fcf03cc76b6f) Importer(815301076,1909f56bfc062723c751e8b465ee728b)  -> (artifact id: '8a03a84a0613a0df6af202184e503340') in 0.102713 seconds
  Import took 0.143014 seconds .

========================================================================
Received Import Request.
  Time since last request: 0.000801 seconds.
  path: Assets/Palatte/Dungeon_Tileset_57.asset
  artifactKey: Guid(ec475f1170c57f24ba23f429a5834181) Importer(815301076,1909f56bfc062723c751e8b465ee728b)
Start importing Assets/Palatte/Dungeon_Tileset_57.asset using Guid(ec475f1170c57f24ba23f429a5834181) Importer(815301076,1909f56bfc062723c751e8b465ee728b)  -> (artifact id: '6b3f866fb226fbc791e3cad5daed3ee0') in 0.128142 seconds
  Import took 0.155110 seconds .

========================================================================
Received Import Request.
  Time since last request: 0.001085 seconds.
  path: Assets/Palatte/Dungeon_Tileset_98.asset
  artifactKey: Guid(c612885b230ce324192151f0a8207c1e) Importer(815301076,1909f56bfc062723c751e8b465ee728b)
Start importing Assets/Palatte/Dungeon_Tileset_98.asset using Guid(c612885b230ce324192151f0a8207c1e) Importer(815301076,1909f56bfc062723c751e8b465ee728b)  -> (artifact id: '79bf49829cadbb950d50655fd1b6658b') in 0.213413 seconds
  Import took 0.254769 seconds .

========================================================================
Received Import Request.
  Time since last request: 0.006731 seconds.
  path: Assets/Palatte/Dungeon_Tileset_55.asset
  artifactKey: Guid(7463c262d3612634da769c6bd6e32ed9) Importer(815301076,1909f56bfc062723c751e8b465ee728b)
Start importing Assets/Palatte/Dungeon_Tileset_55.asset using Guid(7463c262d3612634da769c6bd6e32ed9) Importer(815301076,1909f56bfc062723c751e8b465ee728b)  -> (artifact id: '5b880c384f09dcfd0d8d1515afb37767') in 0.166167 seconds
  Import took 0.192971 seconds .

========================================================================
Received Import Request.
  Time since last request: 0.007760 seconds.
  path: Assets/Palatte/Dungeon_Tileset_79.asset
  artifactKey: Guid(a83c4452153dd2141b83eaba5cf07071) Importer(815301076,1909f56bfc062723c751e8b465ee728b)
Start importing Assets/Palatte/Dungeon_Tileset_79.asset using Guid(a83c4452153dd2141b83eaba5cf07071) Importer(815301076,1909f56bfc062723c751e8b465ee728b)  -> (artifact id: 'd0f2b1040069d49c60ba13d13010c264') in 0.156432 seconds
  Import took 0.197185 seconds .

========================================================================
Received Import Request.
  Time since last request: 0.001178 seconds.
  path: Assets/Palatte/Dungeon_Tileset_83.asset
  artifactKey: Guid(298e82fc0bcac6c43a5175e047a821a4) Importer(815301076,1909f56bfc062723c751e8b465ee728b)
Start importing Assets/Palatte/Dungeon_Tileset_83.asset using Guid(298e82fc0bcac6c43a5175e047a821a4) Importer(815301076,1909f56bfc062723c751e8b465ee728b)  -> (artifact id: 'ca9c9061472f2737dee16168ecc78467') in 0.242246 seconds
  Import took 0.325675 seconds .

========================================================================
Received Import Request.
  Time since last request: 0.008875 seconds.
  path: Assets/Palatte/Dungeon_Tileset_89.asset
  artifactKey: Guid(535ff47d53b7dee4ca61c905c360efc7) Importer(815301076,1909f56bfc062723c751e8b465ee728b)
Start importing Assets/Palatte/Dungeon_Tileset_89.asset using Guid(535ff47d53b7dee4ca61c905c360efc7) Importer(815301076,1909f56bfc062723c751e8b465ee728b)  -> (artifact id: '161da5d2452d3e3653a348e6e5cc52a4') in 0.172459 seconds
  Import took 0.197302 seconds .

========================================================================
Received Import Request.
  Time since last request: 0.011452 seconds.
  path: Assets/Palatte/Dungeon_Tileset_67.asset
  artifactKey: Guid(3783e38f00c629e459a3d33c236180d6) Importer(815301076,1909f56bfc062723c751e8b465ee728b)
Start importing Assets/Palatte/Dungeon_Tileset_67.asset using Guid(3783e38f00c629e459a3d33c236180d6) Importer(815301076,1909f56bfc062723c751e8b465ee728b)  -> (artifact id: '4535e62a6fa0a0b37a63c8e880608fa9') in 0.275344 seconds
  Import took 0.442719 seconds .

========================================================================
Received Import Request.
  Time since last request: 0.463727 seconds.
  path: Assets/Sprites/TileSetSprites/Dungeon_Character_at.png
  artifactKey: Guid(3513bf4563a7816469392988b1725283) Importer(815301076,1909f56bfc062723c751e8b465ee728b)
Start importing Assets/Sprites/TileSetSprites/Dungeon_Character_at.png using Guid(3513bf4563a7816469392988b1725283) Importer(815301076,1909f56bfc062723c751e8b465ee728b)  -> (artifact id: '88d03d9c0eaf7da0614971d4780b7b2c') in 0.108919 seconds
  Import took 0.146925 seconds .

========================================================================
Received Import Request.
  Time since last request: 0.003446 seconds.
  path: Assets/Sprites/TileSetSprites/Dungeon_Tileset_at.png
  artifactKey: Guid(97af0f0997b5c7f4482974cb750c6df0) Importer(815301076,1909f56bfc062723c751e8b465ee728b)
Start importing Assets/Sprites/TileSetSprites/Dungeon_Tileset_at.png using Guid(97af0f0997b5c7f4482974cb750c6df0) Importer(815301076,1909f56bfc062723c751e8b465ee728b)  -> (artifact id: 'aa1de75b3fa860886b1292a8d3a7b2b1') in 0.268744 seconds
  Import took 0.302046 seconds .

========================================================================
Received Import Request.
  Time since last request: 0.000918 seconds.
  path: Assets/Sprites/TileSetSprites/Dungeon_gif.gif
  artifactKey: Guid(1f150af786429f7409f167e24b7c6e97) Importer(815301076,1909f56bfc062723c751e8b465ee728b)
Start importing Assets/Sprites/TileSetSprites/Dungeon_gif.gif using Guid(1f150af786429f7409f167e24b7c6e97) Importer(815301076,1909f56bfc062723c751e8b465ee728b)  -> (artifact id: '9c4b7d9a192a58c5e1eba3cdc333afa6') in 0.184478 seconds
  Import took 0.204389 seconds .

========================================================================
Received Import Request.
  Time since last request: 3.396616 seconds.
  path: Packages/com.unity.2d.tilemap
  artifactKey: Guid(4e00cf00a7281e0d7ee16a9f76f3c3bb) Importer(815301076,1909f56bfc062723c751e8b465ee728b)
Start importing Packages/com.unity.2d.tilemap using Guid(4e00cf00a7281e0d7ee16a9f76f3c3bb) Importer(815301076,1909f56bfc062723c751e8b465ee728b)  -> (artifact id: '1c05a04bff1575336cf1b22bf6516935') in 0.043766 seconds
  Import took 0.062536 seconds .

========================================================================
Received Import Request.
  Time since last request: 26.663028 seconds.
  path: Packages/com.unity.2d.tilemap/package.json
  artifactKey: Guid(51797d68d3132bb419217a229e09fc47) Importer(815301076,1909f56bfc062723c751e8b465ee728b)
Start importing Packages/com.unity.2d.tilemap/package.json using Guid(51797d68d3132bb419217a229e09fc47) Importer(815301076,1909f56bfc062723c751e8b465ee728b)  -> (artifact id: 'a53804a970c5b2db8bfc7eb78bef654c') in 0.116831 seconds
  Import took 0.146664 seconds .

========================================================================
Received Import Request.
  Time since last request: 3.258583 seconds.
  path: Packages/com.unity.ext.nunit/package.json
  artifactKey: Guid(8143d3a8390f2c64685e3bc272bd9e90) Importer(815301076,1909f56bfc062723c751e8b465ee728b)
Start importing Packages/com.unity.ext.nunit/package.json using Guid(8143d3a8390f2c64685e3bc272bd9e90) Importer(815301076,1909f56bfc062723c751e8b465ee728b)  -> (artifact id: '6c41e6a1ebb89ae914ef317e02586d94') in 0.011989 seconds
  Import took 0.028408 seconds .

========================================================================
Received Import Request.
  Time since last request: 0.553179 seconds.
  path: Packages/com.unity.ide.rider/package.json
  artifactKey: Guid(66c95bb3c74257f41bae2622511dc02d) Importer(815301076,1909f56bfc062723c751e8b465ee728b)
Start importing Packages/com.unity.ide.rider/package.json using Guid(66c95bb3c74257f41bae2622511dc02d) Importer(815301076,1909f56bfc062723c751e8b465ee728b)  -> (artifact id: '875b147d9d5829009c89b62ca4ce9170') in 0.012460 seconds
  Import took 0.027321 seconds .

========================================================================
Received Import Request.
  Time since last request: 0.389340 seconds.
  path: Packages/com.unity.test-framework/package.json
  artifactKey: Guid(d6a2e6e4803de7b43baacdc355fc144d) Importer(815301076,1909f56bfc062723c751e8b465ee728b)
Start importing Packages/com.unity.test-framework/package.json using Guid(d6a2e6e4803de7b43baacdc355fc144d) Importer(815301076,1909f56bfc062723c751e8b465ee728b)  -> (artifact id: '5c6b0766e9905f65fcc35f06a520ecac') in 0.011477 seconds
  Import took 0.034812 seconds .

========================================================================
Received Import Request.
  Time since last request: 0.392796 seconds.
  path: Packages/com.unity.timeline/package.json
  artifactKey: Guid(13a9c1b4df2e489e8eb9cacca7429596) Importer(815301076,1909f56bfc062723c751e8b465ee728b)
Start importing Packages/com.unity.timeline/package.json using Guid(13a9c1b4df2e489e8eb9cacca7429596) Importer(815301076,1909f56bfc062723c751e8b465ee728b)  -> (artifact id: '4df112b1efba951bca1a397785b56026') in 0.016720 seconds
  Import took 0.029172 seconds .

========================================================================
Received Import Request.
  Time since last request: 0.538019 seconds.
  path: Packages/com.unity.collab-proxy/package.json
  artifactKey: Guid(743fda8c4b219c8429fb5a77ede1c879) Importer(815301076,1909f56bfc062723c751e8b465ee728b)
Start importing Packages/com.unity.collab-proxy/package.json using Guid(743fda8c4b219c8429fb5a77ede1c879) Importer(815301076,1909f56bfc062723c751e8b465ee728b)  -> (artifact id: '824566648c44d2f457f3b08b221a7ac9') in 0.016110 seconds
  Import took 0.039030 seconds .

========================================================================
Received Import Request.
  Time since last request: 0.374634 seconds.
  path: Packages/com.unity.ide.vscode/package.json
  artifactKey: Guid(ffc6271f08270b64ca0aae9c49235d81) Importer(815301076,1909f56bfc062723c751e8b465ee728b)
Start importing Packages/com.unity.ide.vscode/package.json using Guid(ffc6271f08270b64ca0aae9c49235d81) Importer(815301076,1909f56bfc062723c751e8b465ee728b)  -> (artifact id: 'b3f73b4679dadf4246fdbc0d0c63fef4') in 0.012862 seconds
  Import took 0.025211 seconds .

========================================================================
Received Import Request.
  Time since last request: 0.933830 seconds.
  path: Packages/com.unity.ide.visualstudio/package.json
  artifactKey: Guid(656f74f6edaa396458412b9e3903d8cd) Importer(815301076,1909f56bfc062723c751e8b465ee728b)
Start importing Packages/com.unity.ide.visualstudio/package.json using Guid(656f74f6edaa396458412b9e3903d8cd) Importer(815301076,1909f56bfc062723c751e8b465ee728b)  -> (artifact id: 'aaebab8f2c98d6a3098af3efeee866e1') in 0.048199 seconds
  Import took 0.131396 seconds .

========================================================================
Received Import Request.
  Time since last request: 12.366253 seconds.
  path: Assets/Sprites/TileSetSprites
  artifactKey: Guid(1aca1b18f04b28e4fbb73ad5b022406d) Importer(815301076,1909f56bfc062723c751e8b465ee728b)
Start importing Assets/Sprites/TileSetSprites using Guid(1aca1b18f04b28e4fbb73ad5b022406d) Importer(815301076,1909f56bfc062723c751e8b465ee728b)  -> (artifact id: 'a6762b4302bd8e73d2975edae2fdde0d') in 0.037517 seconds
  Import took 0.052939 seconds .

========================================================================
Received Import Request.
  Time since last request: 1.859866 seconds.
  path: Assets/Sprites/SpriteResource
  artifactKey: Guid(150a3c09557516c4ea731c8f6eb2ca13) Importer(815301076,1909f56bfc062723c751e8b465ee728b)
Start importing Assets/Sprites/SpriteResource using Guid(150a3c09557516c4ea731c8f6eb2ca13) Importer(815301076,1909f56bfc062723c751e8b465ee728b)  -> (artifact id: '8516cd1e3101d6ae75af34b65d8aa06f') in 0.035055 seconds
  Import took 0.049671 seconds .

========================================================================
Received Import Request.
  Time since last request: 2.985361 seconds.
  path: Assets/Sprites/TileSetSprites/character and tileset
  artifactKey: Guid(d968864d7be60c945b5483f80894e5ac) Importer(815301076,1909f56bfc062723c751e8b465ee728b)
Start importing Assets/Sprites/TileSetSprites/character and tileset using Guid(d968864d7be60c945b5483f80894e5ac) Importer(815301076,1909f56bfc062723c751e8b465ee728b)  -> (artifact id: 'e34195cc7516249eea76440318cf218a') in 0.037007 seconds
  Import took 0.050083 seconds .

========================================================================
Received Import Request.
  Time since last request: 0.092020 seconds.
  path: Assets/Sprites/TileSetSprites/character and tileset/demonstration.png
  artifactKey: Guid(b78bcd928408701419fcac7159410202) Importer(815301076,1909f56bfc062723c751e8b465ee728b)
Start importing Assets/Sprites/TileSetSprites/character and tileset/demonstration.png using Guid(b78bcd928408701419fcac7159410202) Importer(815301076,1909f56bfc062723c751e8b465ee728b)  -> (artifact id: '58787b0f659be7fbf07eca33582b4181') in 0.131107 seconds
  Import took 0.155425 seconds .

========================================================================
Received Import Request.
  Time since last request: 0.000952 seconds.
  path: Assets/Sprites/TileSetSprites/character and tileset/Dungeon_Tileset.png
  artifactKey: Guid(8a137b9dc366f3b4a9631ddbf7e8ff32) Importer(815301076,1909f56bfc062723c751e8b465ee728b)
Start importing Assets/Sprites/TileSetSprites/character and tileset/Dungeon_Tileset.png using Guid(8a137b9dc366f3b4a9631ddbf7e8ff32) Importer(815301076,1909f56bfc062723c751e8b465ee728b)  -> (artifact id: 'e511ce256fc7b910269afb54a183433b') in 0.904394 seconds
  Import took 0.925172 seconds .

========================================================================
Received Import Request.
  Time since last request: 0.000950 seconds.
  path: Assets/Sprites/TileSetSprites/character and tileset/Dungeon_Character.png
  artifactKey: Guid(35e2b2e3ea4c2bc4090f4b5f3afbda27) Importer(815301076,1909f56bfc062723c751e8b465ee728b)
Start importing Assets/Sprites/TileSetSprites/character and tileset/Dungeon_Character.png using Guid(35e2b2e3ea4c2bc4090f4b5f3afbda27) Importer(815301076,1909f56bfc062723c751e8b465ee728b)  -> (artifact id: '582d03245474973ce958a5d9a721f053') in 0.103147 seconds
  Import took 0.126850 seconds .

========================================================================
Received Import Request.
  Time since last request: 0.000854 seconds.
  path: Assets/Sprites/TileSetSprites/character and tileset/Dungeon_Character_2.png
  artifactKey: Guid(6b2a0de96ad0d31429da2b422acfc39d) Importer(815301076,1909f56bfc062723c751e8b465ee728b)
Start importing Assets/Sprites/TileSetSprites/character and tileset/Dungeon_Character_2.png using Guid(6b2a0de96ad0d31429da2b422acfc39d) Importer(815301076,1909f56bfc062723c751e8b465ee728b)  -> (artifact id: '3506215e3861cb1f4bc946aeddee9a1a') in 0.085216 seconds
  Import took 0.104119 seconds .

========================================================================
Received Prepare
Registering precompiled user dll's ...
Registered in 0.172521 seconds.
Begin MonoManager ReloadAssembly
Native extension for WindowsStandalone target not found
Native extension for WebGL target not found
Refreshing native plugins compatible for Editor in 7.35 ms, found 3 plugins.
Preloading 0 native plugins for Editor in 0.00 ms.
Mono: successfully reloaded assembly
- Completed reload, in 10.863 seconds
Platform modules already initialized, skipping
Refreshing native plugins compatible for Editor in 3.03 ms, found 3 plugins.
Preloading 0 native plugins for Editor in 0.00 ms.
Unloading 1831 Unused Serialized files (Serialized files now loaded: 0)
System memory in use before: 89.4 MB.
System memory in use after: 89.6 MB.

Unloading 24 unused Assets to reduce memory usage. Loaded Objects now: 2338.
Total: 13.705100 ms (FindLiveObjects: 1.149500 ms CreateObjectMapping: 0.598600 ms MarkObjects: 11.745400 ms  DeleteObjects: 0.203400 ms)

========================================================================
Received Prepare
Registering precompiled user dll's ...
Registered in 0.041088 seconds.
Begin MonoManager ReloadAssembly
Native extension for WindowsStandalone target not found
Native extension for WebGL target not found
Refreshing native plugins compatible for Editor in 3.67 ms, found 3 plugins.
Preloading 0 native plugins for Editor in 0.00 ms.
Mono: successfully reloaded assembly
- Completed reload, in 12.541 seconds
Platform modules already initialized, skipping
Refreshing native plugins compatible for Editor in 4.55 ms, found 3 plugins.
Preloading 0 native plugins for Editor in 0.00 ms.
Unloading 1831 Unused Serialized files (Serialized files now loaded: 0)
System memory in use before: 89.5 MB.
System memory in use after: 89.6 MB.

Unloading 24 unused Assets to reduce memory usage. Loaded Objects now: 2342.
Total: 14.080800 ms (FindLiveObjects: 0.789400 ms CreateObjectMapping: 0.392500 ms MarkObjects: 11.970200 ms  DeleteObjects: 0.923100 ms)

========================================================================
Received Prepare
Registering precompiled user dll's ...
Registered in 0.045808 seconds.
Begin MonoManager ReloadAssembly
Native extension for WindowsStandalone target not found
Native extension for WebGL target not found
Refreshing native plugins compatible for Editor in 3.41 ms, found 3 plugins.
Preloading 0 native plugins for Editor in 0.00 ms.
Mono: successfully reloaded assembly
- Completed reload, in 15.392 seconds
Platform modules already initialized, skipping
Refreshing native plugins compatible for Editor in 4.73 ms, found 3 plugins.
Preloading 0 native plugins for Editor in 0.00 ms.
Unloading 1831 Unused Serialized files (Serialized files now loaded: 0)
System memory in use before: 89.5 MB.
System memory in use after: 89.6 MB.

Unloading 24 unused Assets to reduce memory usage. Loaded Objects now: 2346.
Total: 12.371600 ms (FindLiveObjects: 0.795200 ms CreateObjectMapping: 0.286800 ms MarkObjects: 11.189600 ms  DeleteObjects: 0.094100 ms)

========================================================================
Received Import Request.
  Time since last request: 646.960736 seconds.
  path: Assets/Scripts/playerMovement.cs
  artifactKey: Guid(08b525241131bc4488c239863bea7bb7) Importer(815301076,1909f56bfc062723c751e8b465ee728b)
Start importing Assets/Scripts/playerMovement.cs using Guid(08b525241131bc4488c239863bea7bb7) Importer(815301076,1909f56bfc062723c751e8b465ee728b)  -> (artifact id: '246db7e1cf0f8cab23211a3303c90f08') in 0.149945 seconds
  Import took 0.170290 seconds .

========================================================================
Received Prepare
Registering precompiled user dll's ...
Registered in 0.048211 seconds.
Begin MonoManager ReloadAssembly
Native extension for WindowsStandalone target not found
Native extension for WebGL target not found
Refreshing native plugins compatible for Editor in 6.91 ms, found 3 plugins.
Preloading 0 native plugins for Editor in 0.00 ms.
Mono: successfully reloaded assembly
- Completed reload, in 12.113 seconds
Platform modules already initialized, skipping
Refreshing native plugins compatible for Editor in 3.66 ms, found 3 plugins.
Preloading 0 native plugins for Editor in 0.00 ms.
Unloading 1831 Unused Serialized files (Serialized files now loaded: 0)
System memory in use before: 89.5 MB.
System memory in use after: 89.6 MB.

Unloading 24 unused Assets to reduce memory usage. Loaded Objects now: 2350.
Total: 19.100300 ms (FindLiveObjects: 2.303400 ms CreateObjectMapping: 1.167400 ms MarkObjects: 15.425900 ms  DeleteObjects: 0.198000 ms)

========================================================================
Received Import Request.
  Time since last request: 92.795121 seconds.
  path: Assets/Scripts/playerMovement.cs
  artifactKey: Guid(08b525241131bc4488c239863bea7bb7) Importer(815301076,1909f56bfc062723c751e8b465ee728b)
Start importing Assets/Scripts/playerMovement.cs using Guid(08b525241131bc4488c239863bea7bb7) Importer(815301076,1909f56bfc062723c751e8b465ee728b)  -> (artifact id: '12ff8b08235fead744b1d12a29dbbd94') in 0.092609 seconds
  Import took 0.124284 seconds .

========================================================================
Received Prepare
Registering precompiled user dll's ...
Registered in 0.039863 seconds.
Begin MonoManager ReloadAssembly
Native extension for WindowsStandalone target not found
Native extension for WebGL target not found
Refreshing native plugins compatible for Editor in 3.07 ms, found 3 plugins.
Preloading 0 native plugins for Editor in 0.00 ms.
Mono: successfully reloaded assembly
- Completed reload, in  9.839 seconds
Platform modules already initialized, skipping
Refreshing native plugins compatible for Editor in 50.96 ms, found 3 plugins.
Preloading 0 native plugins for Editor in 0.00 ms.
Unloading 1831 Unused Serialized files (Serialized files now loaded: 0)
System memory in use before: 89.5 MB.
System memory in use after: 89.6 MB.

Unloading 24 unused Assets to reduce memory usage. Loaded Objects now: 2354.
Total: 36.093700 ms (FindLiveObjects: 3.309800 ms CreateObjectMapping: 1.092900 ms MarkObjects: 31.483800 ms  DeleteObjects: 0.201600 ms)

========================================================================
Received Import Request.
  Time since last request: 43.136331 seconds.
  path: Assets/Scripts/playerMovement.cs
  artifactKey: Guid(08b525241131bc4488c239863bea7bb7) Importer(815301076,1909f56bfc062723c751e8b465ee728b)
Start importing Assets/Scripts/playerMovement.cs using Guid(08b525241131bc4488c239863bea7bb7) Importer(815301076,1909f56bfc062723c751e8b465ee728b)  -> (artifact id: '8b7b59cde67281ef54d24d188a5b0adf') in 0.211289 seconds
  Import took 0.298163 seconds .

AssetImportWorkerClient::OnTransportError - code=2 error=End of file
