Using pre-set license
Built from '2020.2/release' branch; Version is '2020.2.0f1 (3721df5a8b28) revision 3613151'; Using compiler version '192528614'; Build Type 'Release'
OS: 'Windows 10  (10.0.0) 64bit' Language: 'en' Physical Memory: 16303 MB
BatchMode: 1, IsHumanControllingUs: 0, StartBugReporterOnCrash: 0, Is64bit: 1, IsPro: 0

 COMMAND LINE ARGUMENTS:
C:\Program Files\Unity\Editor\Unity.exe
-adb2
-batchMode
-noUpm
-name
AssetImportWorker0
-projectPath
D:/Schooool/大二下/C#/大作业/ActualProject/New Unity Project (2)
-logFile
Logs/AssetImportWorker0.log
-srvPort
9306
Successfully changed project path to: D:/Schooool/大二下/C#/大作业/ActualProject/New Unity Project (2)
D:/Schooool/大二下/C#/大作业/ActualProject/New Unity Project (2)
Using Asset Import Pipeline V2.
Refreshing native plugins compatible for Editor in 40.03 ms, found 1 plugins.
Preloading 0 native plugins for Editor in 0.00 ms.
Initialize engine version: 2020.2.0f1 (3721df5a8b28)
[Subsystems] Discovering subsystems at path C:/Program Files/Unity/Editor/Data/Resources/UnitySubsystems
[Subsystems] Discovering subsystems at path D:/Schooool/大二下/C#/大作业/ActualProject/New Unity Project (2)/Assets
GfxDevice: creating device client; threaded=0
Direct3D:
    Version:  Direct3D 11.0 [level 11.1]
    Renderer: NVIDIA GeForce GTX 1660 Ti (ID=0x2191)
    Vendor:   
    VRAM:     5991 MB
    Driver:   25.21.14.1798
Initialize mono
Mono path[0] = 'C:/Program Files/Unity/Editor/Data/Managed'
Mono path[1] = 'C:/Program Files/Unity/Editor/Data/MonoBleedingEdge/lib/mono/unityjit'
Mono config path = 'C:/Program Files/Unity/Editor/Data/MonoBleedingEdge/etc'
Using monoOptions --debugger-agent=transport=dt_socket,embedding=1,server=y,suspend=n,address=127.0.0.1:56680
Begin MonoManager ReloadAssembly
Registering precompiled unity dll's ...
Register platform support module: C:/Program Files/Unity/Editor/Data/PlaybackEngines/WindowsStandaloneSupport/UnityEditor.WindowsStandalone.Extensions.dll
Registered in 0.001652 seconds.
Native extension for WindowsStandalone target not found
Refreshing native plugins compatible for Editor in 36.17 ms, found 1 plugins.
Preloading 0 native plugins for Editor in 0.00 ms.
Invoked RoslynAnalysisRunner static constructor.
RoslynAnalysisRunner will not be running.
RoslynAnalysisRunner has terminated.
Mono: successfully reloaded assembly
- Completed reload, in  0.966 seconds
Platform modules already initialized, skipping
Registering precompiled user dll's ...
Registered in 0.000664 seconds.
Begin MonoManager ReloadAssembly
Native extension for WindowsStandalone target not found
Refreshing native plugins compatible for Editor in 39.86 ms, found 1 plugins.
Preloading 0 native plugins for Editor in 0.00 ms.
Invoked RoslynAnalysisRunner static constructor.
RoslynAnalysisRunner will not be running.
RoslynAnalysisRunner has terminated.
Mono: successfully reloaded assembly
- Completed reload, in  0.864 seconds
Platform modules already initialized, skipping
========================================================================
Worker process is ready to serve import requests
Launched and connected shader compiler UnityShaderCompiler.exe after 0.05 seconds
Refreshing native plugins compatible for Editor in 0.36 ms, found 1 plugins.
Preloading 0 native plugins for Editor in 0.00 ms.
Unloading 1807 Unused Serialized files (Serialized files now loaded: 0)
System memory in use before: 84.2 MB.
System memory in use after: 84.3 MB.

Unloading 19 unused Assets to reduce memory usage. Loaded Objects now: 2253.
Total: 1.859900 ms (FindLiveObjects: 0.162400 ms CreateObjectMapping: 0.067000 ms MarkObjects: 1.583800 ms  DeleteObjects: 0.045900 ms)

========================================================================
Received Import Request.
  path: Assets/GameObject/Grid1.prefab
  artifactKey: Guid(bc87e79e8a143c946ba562c22979a8bc) Importer(815301076,1909f56bfc062723c751e8b465ee728b)
Start importing Assets/GameObject/Grid1.prefab using Guid(bc87e79e8a143c946ba562c22979a8bc) Importer(815301076,1909f56bfc062723c751e8b465ee728b)  -> (artifact id: 'b31cc4579eba1a547604d44591b82d52') in 0.048284 seconds
  Import took 0.052608 seconds .

========================================================================
Received Import Request.
  Time since last request: 0.191006 seconds.
  path: Assets/GameObject/Grid.prefab
  artifactKey: Guid(e4a2219c4ac8060438c4fcb0b386b653) Importer(815301076,1909f56bfc062723c751e8b465ee728b)
Start importing Assets/GameObject/Grid.prefab using Guid(e4a2219c4ac8060438c4fcb0b386b653) Importer(815301076,1909f56bfc062723c751e8b465ee728b)  -> (artifact id: 'fb3db169ea57c40a7e687a1aad3f6bff') in 0.005455 seconds
  Import took 0.009950 seconds .

========================================================================
Received Import Request.
  Time since last request: 0.007977 seconds.
  path: Assets/GameObject/Grid.prefab
  artifactKey: Guid(e4a2219c4ac8060438c4fcb0b386b653) Importer(815301076,1909f56bfc062723c751e8b465ee728b)
Start importing Assets/GameObject/Grid.prefab using Guid(e4a2219c4ac8060438c4fcb0b386b653) Importer(815301076,1909f56bfc062723c751e8b465ee728b)  -> (artifact id: 'fb3db169ea57c40a7e687a1aad3f6bff') in 0.004875 seconds
  Import took 0.009121 seconds .

========================================================================
Received Import Request.
  Time since last request: 3.898859 seconds.
  path: Assets/GameObject/Grid2.prefab
  artifactKey: Guid(e4a2219c4ac8060438c4fcb0b386b653) Importer(815301076,1909f56bfc062723c751e8b465ee728b)
Start importing Assets/GameObject/Grid2.prefab using Guid(e4a2219c4ac8060438c4fcb0b386b653) Importer(815301076,1909f56bfc062723c751e8b465ee728b)  -> (artifact id: 'b6ceee8c05c60b2288f0a17aeaec6016') in 0.005199 seconds
  Import took 0.009560 seconds .

========================================================================
Received Import Request.
  Time since last request: 0.007051 seconds.
  path: Assets/GameObject/Grid2.prefab
  artifactKey: Guid(e4a2219c4ac8060438c4fcb0b386b653) Importer(815301076,1909f56bfc062723c751e8b465ee728b)
Start importing Assets/GameObject/Grid2.prefab using Guid(e4a2219c4ac8060438c4fcb0b386b653) Importer(815301076,1909f56bfc062723c751e8b465ee728b)  -> (artifact id: 'b6ceee8c05c60b2288f0a17aeaec6016') in 0.004923 seconds
  Import took 0.008857 seconds .

AssetImportWorkerClient::OnTransportError - code=2 error=End of file
