Using pre-set license
Built from '2020.3/staging' branch; Version is '2020.3.6f1 (338bb68529b2) revision 3378102'; Using compiler version '192528614'; Build Type 'Release'
OS: 'Windows 10 Pro; OS build 19042.928; Version 2009; 64bit' Language: 'en' Physical Memory: 32587 MB
BatchMode: 1, IsHumanControllingUs: 0, StartBugReporterOnCrash: 0, Is64bit: 1, IsPro: 0

 COMMAND LINE ARGUMENTS:
C:\Program Files\Unity\Hub\Editor\2020.3.6f1\Editor\Unity.exe
-adb2
-batchMode
-noUpm
-name
AssetImportWorker0
-projectPath
C:/Users/user/New Unity Project (2)
-logFile
Logs/AssetImportWorker0.log
-srvPort
58040
Successfully changed project path to: C:/Users/user/New Unity Project (2)
C:/Users/user/New Unity Project (2)
Using Asset Import Pipeline V2.
Refreshing native plugins compatible for Editor in 187.38 ms, found 1 plugins.
Preloading 0 native plugins for Editor in 0.00 ms.
Initialize engine version: 2020.3.6f1 (338bb68529b2)
[Subsystems] Discovering subsystems at path C:/Program Files/Unity/Hub/Editor/2020.3.6f1/Editor/Data/Resources/UnitySubsystems
[Subsystems] Discovering subsystems at path C:/Users/user/New Unity Project (2)/Assets
GfxDevice: creating device client; threaded=0
Direct3D:
    Version:  Direct3D 11.0 [level 11.0]
    Renderer: NVIDIA GeForce GTX 960M (ID=0x139b)
    Vendor:   
    VRAM:     2010 MB
    Driver:   26.21.14.4270
Initialize mono
Mono path[0] = 'C:/Program Files/Unity/Hub/Editor/2020.3.6f1/Editor/Data/Managed'
Mono path[1] = 'C:/Program Files/Unity/Hub/Editor/2020.3.6f1/Editor/Data/MonoBleedingEdge/lib/mono/unityjit'
Mono config path = 'C:/Program Files/Unity/Hub/Editor/2020.3.6f1/Editor/Data/MonoBleedingEdge/etc'
Using monoOptions --debugger-agent=transport=dt_socket,embedding=1,server=y,suspend=n,address=127.0.0.1:56916
Begin MonoManager ReloadAssembly
Registering precompiled unity dll's ...
Register platform support module: C:/Program Files/Unity/Hub/Editor/2020.3.6f1/Editor/Data/PlaybackEngines/WebGLSupport/UnityEditor.WebGL.Extensions.dll
Register platform support module: C:/Program Files/Unity/Hub/Editor/2020.3.6f1/Editor/Data/PlaybackEngines/WindowsStandaloneSupport/UnityEditor.WindowsStandalone.Extensions.dll
Registered in 0.011195 seconds.
Native extension for WindowsStandalone target not found
Native extension for WebGL target not found
Refreshing native plugins compatible for Editor in 185.30 ms, found 1 plugins.
Preloading 0 native plugins for Editor in 0.00 ms.
Mono: successfully reloaded assembly
- Completed reload, in  5.412 seconds
Platform modules already initialized, skipping
Registering precompiled user dll's ...
Registered in 0.005013 seconds.
Begin MonoManager ReloadAssembly
Native extension for WindowsStandalone target not found
Native extension for WebGL target not found
Refreshing native plugins compatible for Editor in 177.87 ms, found 1 plugins.
Preloading 0 native plugins for Editor in 0.00 ms.
Mono: successfully reloaded assembly
- Completed reload, in  4.403 seconds
Platform modules already initialized, skipping
========================================================================
Worker process is ready to serve import requests
Launched and connected shader compiler UnityShaderCompiler.exe after 0.24 seconds
Refreshing native plugins compatible for Editor in 1.17 ms, found 1 plugins.
Preloading 0 native plugins for Editor in 0.00 ms.
Unloading 1808 Unused Serialized files (Serialized files now loaded: 0)
System memory in use before: 84.9 MB.
System memory in use after: 84.8 MB.

Unloading 24 unused Assets to reduce memory usage. Loaded Objects now: 2250.
Total: 7.099400 ms (FindLiveObjects: 0.635800 ms CreateObjectMapping: 0.292300 ms MarkObjects: 5.730300 ms  DeleteObjects: 0.437100 ms)

========================================================================
Received Import Request.
  path: Assets/Scenes/1.unity
  artifactKey: Guid(2cda990e2423bbf4892e6590ba056729) Importer(815301076,1909f56bfc062723c751e8b465ee728b)
Start importing Assets/Scenes/1.unity using Guid(2cda990e2423bbf4892e6590ba056729) Importer(815301076,1909f56bfc062723c751e8b465ee728b)  -> (artifact id: 'd37131b5744b33d65063d1fee5fdf20d') in 0.073258 seconds
  Import took 0.085542 seconds .

========================================================================
Received Import Request.
  Time since last request: 17.467752 seconds.
  path: Assets/Scenes
  artifactKey: Guid(16c5ecc61d18eea46b4b70d4726f4e43) Importer(815301076,1909f56bfc062723c751e8b465ee728b)
Start importing Assets/Scenes using Guid(16c5ecc61d18eea46b4b70d4726f4e43) Importer(815301076,1909f56bfc062723c751e8b465ee728b)  -> (artifact id: 'ff5c32959b13acff39e47d2dd630c812') in 0.009439 seconds
  Import took 0.022005 seconds .

========================================================================
Received Import Request.
  Time since last request: 0.003919 seconds.
  path: Assets/Scenes
  artifactKey: Guid(16c5ecc61d18eea46b4b70d4726f4e43) Importer(815301076,1909f56bfc062723c751e8b465ee728b)
Start importing Assets/Scenes using Guid(16c5ecc61d18eea46b4b70d4726f4e43) Importer(815301076,1909f56bfc062723c751e8b465ee728b)  -> (artifact id: 'ff5c32959b13acff39e47d2dd630c812') in 0.009310 seconds
  Import took 0.021131 seconds .

========================================================================
Received Import Request.
  Time since last request: 117.125526 seconds.
  path: Assets/Scenes/2.unity
  artifactKey: Guid(5320e53567846f241976ba2d85daeb21) Importer(815301076,1909f56bfc062723c751e8b465ee728b)
Start importing Assets/Scenes/2.unity using Guid(5320e53567846f241976ba2d85daeb21) Importer(815301076,1909f56bfc062723c751e8b465ee728b)  -> (artifact id: '6332916c756b4bfff32e52c5c27422bf') in 0.011031 seconds
  Import took 0.028954 seconds .

========================================================================
Received Import Request.
  Time since last request: 114.924423 seconds.
  path: Assets/Scenes/2.unity
  artifactKey: Guid(5320e53567846f241976ba2d85daeb21) Importer(815301076,1909f56bfc062723c751e8b465ee728b)
Start importing Assets/Scenes/2.unity using Guid(5320e53567846f241976ba2d85daeb21) Importer(815301076,1909f56bfc062723c751e8b465ee728b)  -> (artifact id: 'c4c2b6b6f203413a931353ae078fc4cf') in 0.010929 seconds
  Import took 0.022318 seconds .

========================================================================
Received Import Request.
  Time since last request: 10600.919333 seconds.
  path: Assets/Scenes/2.unity
  artifactKey: Guid(5320e53567846f241976ba2d85daeb21) Importer(815301076,1909f56bfc062723c751e8b465ee728b)
Start importing Assets/Scenes/2.unity using Guid(5320e53567846f241976ba2d85daeb21) Importer(815301076,1909f56bfc062723c751e8b465ee728b)  -> (artifact id: '4e8b0ce2eaca13cb025ff7a09173b4c6') in 0.030594 seconds
  Import took 0.046380 seconds .

========================================================================
Received Import Request.
  Time since last request: 496.355949 seconds.
  path: Assets/Scenes/1.unity
  artifactKey: Guid(2cda990e2423bbf4892e6590ba056729) Importer(815301076,1909f56bfc062723c751e8b465ee728b)
Start importing Assets/Scenes/1.unity using Guid(2cda990e2423bbf4892e6590ba056729) Importer(815301076,1909f56bfc062723c751e8b465ee728b)  -> (artifact id: '05ed041435440db4f06b1834f525a06c') in 0.039099 seconds
  Import took 0.055709 seconds .

========================================================================
Received Import Request.
  Time since last request: 8.440234 seconds.
  path: Assets/Scenes/2.unity
  artifactKey: Guid(5320e53567846f241976ba2d85daeb21) Importer(815301076,1909f56bfc062723c751e8b465ee728b)
Start importing Assets/Scenes/2.unity using Guid(5320e53567846f241976ba2d85daeb21) Importer(815301076,1909f56bfc062723c751e8b465ee728b)  -> (artifact id: '27c9eb1b838a114cb3c4e54fa790d798') in 0.011352 seconds
  Import took 0.024735 seconds .

AssetImportWorkerClient::OnTransportError - code=2 error=End of file
